{"/Users/sethford/Documents/GitHub/assassin/web/src/test-utils.tsx": {"path":"/Users/sethford/Documents/GitHub/assassin/web/src/test-utils.tsx","statementMap":{"0":{"start":{"line":23,"column":9},"end":{"line":23,"column":25}},"1":{"start":{"line":2,"column":38},"end":{"line":2,"column":null}},"2":{"start":{"line":3,"column":7},"end":{"line":3,"column":null}},"3":{"start":{"line":4,"column":29},"end":{"line":4,"column":null}},"4":{"start":{"line":6,"column":24},"end":{"line":12,"column":null}},"5":{"start":{"line":14,"column":21},"end":{"line":17,"column":null}},"6":{"start":{"line":17,"column":5},"end":{"line":17,"column":null}}},"fnMap":{"0":{"name":"(anonymous_4)","decl":{"start":{"line":6,"column":24},"end":{"line":6,"column":25}},"loc":{"start":{"line":6,"column":68},"end":{"line":12,"column":null}}},"1":{"name":"(anonymous_5)","decl":{"start":{"line":14,"column":21},"end":{"line":14,"column":null}},"loc":{"start":{"line":17,"column":5},"end":{"line":17,"column":null}}}},"branchMap":{},"s":{"0":3,"1":1,"2":1,"3":1,"4":1,"5":1,"6":3},"f":{"0":3,"1":3},"b":{}}
,"/Users/sethford/Documents/GitHub/assassin/web/src/api/GameApi.ts": {"path":"/Users/sethford/Documents/GitHub/assassin/web/src/api/GameApi.ts","statementMap":{"0":{"start":{"line":11,"column":13},"end":{"line":11,"column":23}},"1":{"start":{"line":9,"column":20},"end":{"line":9,"column":null}},"2":{"start":{"line":11,"column":23},"end":{"line":143,"column":null}},"3":{"start":{"line":16,"column":4},"end":{"line":22,"column":null}},"4":{"start":{"line":17,"column":23},"end":{"line":17,"column":null}},"5":{"start":{"line":18,"column":6},"end":{"line":18,"column":null}},"6":{"start":{"line":20,"column":6},"end":{"line":20,"column":null}},"7":{"start":{"line":21,"column":6},"end":{"line":21,"column":null}},"8":{"start":{"line":29,"column":4},"end":{"line":35,"column":null}},"9":{"start":{"line":30,"column":23},"end":{"line":30,"column":null}},"10":{"start":{"line":31,"column":6},"end":{"line":31,"column":null}},"11":{"start":{"line":33,"column":6},"end":{"line":33,"column":null}},"12":{"start":{"line":34,"column":6},"end":{"line":34,"column":null}},"13":{"start":{"line":42,"column":4},"end":{"line":49,"column":null}},"14":{"start":{"line":43,"column":23},"end":{"line":43,"column":null}},"15":{"start":{"line":44,"column":6},"end":{"line":44,"column":null}},"16":{"start":{"line":46,"column":23},"end":{"line":46,"column":null}},"17":{"start":{"line":47,"column":6},"end":{"line":47,"column":null}},"18":{"start":{"line":48,"column":6},"end":{"line":48,"column":null}},"19":{"start":{"line":56,"column":4},"end":{"line":63,"column":null}},"20":{"start":{"line":57,"column":23},"end":{"line":57,"column":null}},"21":{"start":{"line":58,"column":6},"end":{"line":58,"column":null}},"22":{"start":{"line":60,"column":23},"end":{"line":60,"column":null}},"23":{"start":{"line":61,"column":6},"end":{"line":61,"column":null}},"24":{"start":{"line":62,"column":6},"end":{"line":62,"column":null}},"25":{"start":{"line":70,"column":4},"end":{"line":76,"column":null}},"26":{"start":{"line":71,"column":6},"end":{"line":71,"column":null}},"27":{"start":{"line":73,"column":23},"end":{"line":73,"column":null}},"28":{"start":{"line":74,"column":6},"end":{"line":74,"column":null}},"29":{"start":{"line":75,"column":6},"end":{"line":75,"column":null}},"30":{"start":{"line":83,"column":4},"end":{"line":89,"column":null}},"31":{"start":{"line":84,"column":6},"end":{"line":84,"column":null}},"32":{"start":{"line":86,"column":23},"end":{"line":86,"column":null}},"33":{"start":{"line":87,"column":6},"end":{"line":87,"column":null}},"34":{"start":{"line":88,"column":6},"end":{"line":88,"column":null}},"35":{"start":{"line":96,"column":4},"end":{"line":102,"column":null}},"36":{"start":{"line":97,"column":23},"end":{"line":97,"column":null}},"37":{"start":{"line":98,"column":6},"end":{"line":98,"column":null}},"38":{"start":{"line":100,"column":6},"end":{"line":100,"column":null}},"39":{"start":{"line":101,"column":6},"end":{"line":101,"column":null}},"40":{"start":{"line":109,"column":4},"end":{"line":115,"column":null}},"41":{"start":{"line":110,"column":23},"end":{"line":110,"column":null}},"42":{"start":{"line":111,"column":6},"end":{"line":111,"column":null}},"43":{"start":{"line":113,"column":6},"end":{"line":113,"column":null}},"44":{"start":{"line":114,"column":6},"end":{"line":114,"column":null}},"45":{"start":{"line":122,"column":4},"end":{"line":128,"column":null}},"46":{"start":{"line":123,"column":6},"end":{"line":123,"column":null}},"47":{"start":{"line":125,"column":23},"end":{"line":125,"column":null}},"48":{"start":{"line":126,"column":6},"end":{"line":126,"column":null}},"49":{"start":{"line":127,"column":6},"end":{"line":127,"column":null}},"50":{"start":{"line":135,"column":4},"end":{"line":141,"column":null}},"51":{"start":{"line":136,"column":6},"end":{"line":136,"column":null}},"52":{"start":{"line":138,"column":23},"end":{"line":138,"column":null}},"53":{"start":{"line":139,"column":6},"end":{"line":139,"column":null}},"54":{"start":{"line":140,"column":6},"end":{"line":140,"column":null}}},"fnMap":{"0":{"name":"(anonymous_1)","decl":{"start":{"line":15,"column":2},"end":{"line":15,"column":8}},"loc":{"start":{"line":15,"column":8},"end":{"line":23,"column":null}}},"1":{"name":"(anonymous_2)","decl":{"start":{"line":28,"column":2},"end":{"line":28,"column":8}},"loc":{"start":{"line":28,"column":30},"end":{"line":36,"column":null}}},"2":{"name":"(anonymous_3)","decl":{"start":{"line":41,"column":2},"end":{"line":41,"column":8}},"loc":{"start":{"line":41,"column":46},"end":{"line":50,"column":null}}},"3":{"name":"(anonymous_4)","decl":{"start":{"line":55,"column":2},"end":{"line":55,"column":8}},"loc":{"start":{"line":55,"column":64},"end":{"line":64,"column":null}}},"4":{"name":"(anonymous_5)","decl":{"start":{"line":69,"column":2},"end":{"line":69,"column":8}},"loc":{"start":{"line":69,"column":33},"end":{"line":77,"column":null}}},"5":{"name":"(anonymous_6)","decl":{"start":{"line":82,"column":2},"end":{"line":82,"column":8}},"loc":{"start":{"line":82,"column":59},"end":{"line":90,"column":null}}},"6":{"name":"(anonymous_7)","decl":{"start":{"line":95,"column":2},"end":{"line":95,"column":8}},"loc":{"start":{"line":95,"column":30},"end":{"line":103,"column":null}}},"7":{"name":"(anonymous_8)","decl":{"start":{"line":108,"column":2},"end":{"line":108,"column":8}},"loc":{"start":{"line":108,"column":37},"end":{"line":116,"column":null}}},"8":{"name":"(anonymous_9)","decl":{"start":{"line":121,"column":2},"end":{"line":121,"column":8}},"loc":{"start":{"line":121,"column":57},"end":{"line":129,"column":null}}},"9":{"name":"(anonymous_10)","decl":{"start":{"line":134,"column":2},"end":{"line":134,"column":8}},"loc":{"start":{"line":134,"column":73},"end":{"line":142,"column":null}}}},"branchMap":{"0":{"loc":{"start":{"line":47,"column":44},"end":{"line":47,"column":87}},"type":"binary-expr","locations":[{"start":{"line":47,"column":44},"end":{"line":47,"column":71}},{"start":{"line":47,"column":71},"end":{"line":47,"column":87}}]},"1":{"loc":{"start":{"line":61,"column":44},"end":{"line":61,"column":87}},"type":"binary-expr","locations":[{"start":{"line":61,"column":44},"end":{"line":61,"column":71}},{"start":{"line":61,"column":71},"end":{"line":61,"column":87}}]},"2":{"loc":{"start":{"line":74,"column":44},"end":{"line":74,"column":87}},"type":"binary-expr","locations":[{"start":{"line":74,"column":44},"end":{"line":74,"column":71}},{"start":{"line":74,"column":71},"end":{"line":74,"column":87}}]},"3":{"loc":{"start":{"line":87,"column":44},"end":{"line":87,"column":87}},"type":"binary-expr","locations":[{"start":{"line":87,"column":44},"end":{"line":87,"column":71}},{"start":{"line":87,"column":71},"end":{"line":87,"column":87}}]},"4":{"loc":{"start":{"line":126,"column":43},"end":{"line":126,"column":86}},"type":"binary-expr","locations":[{"start":{"line":126,"column":43},"end":{"line":126,"column":70}},{"start":{"line":126,"column":70},"end":{"line":126,"column":86}}]},"5":{"loc":{"start":{"line":139,"column":51},"end":{"line":139,"column":94}},"type":"binary-expr","locations":[{"start":{"line":139,"column":51},"end":{"line":139,"column":78}},{"start":{"line":139,"column":78},"end":{"line":139,"column":94}}]}},"s":{"0":0,"1":1,"2":1,"3":0,"4":0,"5":0,"6":0,"7":0,"8":0,"9":0,"10":0,"11":0,"12":0,"13":0,"14":0,"15":0,"16":0,"17":0,"18":0,"19":0,"20":0,"21":0,"22":0,"23":0,"24":0,"25":0,"26":0,"27":0,"28":0,"29":0,"30":0,"31":0,"32":0,"33":0,"34":0,"35":0,"36":0,"37":0,"38":0,"39":0,"40":0,"41":0,"42":0,"43":0,"44":0,"45":0,"46":0,"47":0,"48":0,"49":0,"50":0,"51":0,"52":0,"53":0,"54":0},"f":{"0":0,"1":0,"2":0,"3":0,"4":0,"5":0,"6":0,"7":0,"8":0,"9":0},"b":{"0":[0,0],"1":[0,0],"2":[0,0],"3":[0,0],"4":[0,0],"5":[0,0]}}
,"/Users/sethford/Documents/GitHub/assassin/web/src/api/KillApi.ts": {"path":"/Users/sethford/Documents/GitHub/assassin/web/src/api/KillApi.ts","statementMap":{"0":{"start":{"line":4,"column":13},"end":{"line":4,"column":23}},"1":{"start":{"line":1,"column":20},"end":{"line":1,"column":null}},"2":{"start":{"line":4,"column":23},"end":{"line":81,"column":null}},"3":{"start":{"line":9,"column":4},"end":{"line":15,"column":null}},"4":{"start":{"line":10,"column":23},"end":{"line":10,"column":null}},"5":{"start":{"line":11,"column":6},"end":{"line":11,"column":null}},"6":{"start":{"line":13,"column":6},"end":{"line":13,"column":null}},"7":{"start":{"line":14,"column":6},"end":{"line":14,"column":null}},"8":{"start":{"line":22,"column":4},"end":{"line":28,"column":null}},"9":{"start":{"line":23,"column":23},"end":{"line":23,"column":null}},"10":{"start":{"line":24,"column":6},"end":{"line":24,"column":null}},"11":{"start":{"line":26,"column":6},"end":{"line":26,"column":null}},"12":{"start":{"line":27,"column":6},"end":{"line":27,"column":null}},"13":{"start":{"line":35,"column":4},"end":{"line":41,"column":null}},"14":{"start":{"line":36,"column":23},"end":{"line":36,"column":null}},"15":{"start":{"line":37,"column":6},"end":{"line":37,"column":null}},"16":{"start":{"line":39,"column":6},"end":{"line":39,"column":null}},"17":{"start":{"line":40,"column":6},"end":{"line":40,"column":null}},"18":{"start":{"line":48,"column":4},"end":{"line":54,"column":null}},"19":{"start":{"line":49,"column":23},"end":{"line":49,"column":null}},"20":{"start":{"line":50,"column":6},"end":{"line":50,"column":null}},"21":{"start":{"line":52,"column":6},"end":{"line":52,"column":null}},"22":{"start":{"line":53,"column":6},"end":{"line":53,"column":null}},"23":{"start":{"line":61,"column":4},"end":{"line":66,"column":null}},"24":{"start":{"line":62,"column":6},"end":{"line":62,"column":null}},"25":{"start":{"line":64,"column":6},"end":{"line":64,"column":null}},"26":{"start":{"line":65,"column":6},"end":{"line":65,"column":null}},"27":{"start":{"line":73,"column":4},"end":{"line":79,"column":null}},"28":{"start":{"line":74,"column":23},"end":{"line":74,"column":null}},"29":{"start":{"line":75,"column":6},"end":{"line":75,"column":null}},"30":{"start":{"line":77,"column":6},"end":{"line":77,"column":null}},"31":{"start":{"line":78,"column":6},"end":{"line":78,"column":null}}},"fnMap":{"0":{"name":"(anonymous_1)","decl":{"start":{"line":8,"column":2},"end":{"line":8,"column":8}},"loc":{"start":{"line":8,"column":8},"end":{"line":16,"column":null}}},"1":{"name":"(anonymous_2)","decl":{"start":{"line":21,"column":2},"end":{"line":21,"column":8}},"loc":{"start":{"line":21,"column":43},"end":{"line":29,"column":null}}},"2":{"name":"(anonymous_3)","decl":{"start":{"line":34,"column":2},"end":{"line":34,"column":8}},"loc":{"start":{"line":34,"column":43},"end":{"line":42,"column":null}}},"3":{"name":"(anonymous_4)","decl":{"start":{"line":47,"column":2},"end":{"line":47,"column":8}},"loc":{"start":{"line":47,"column":46},"end":{"line":55,"column":null}}},"4":{"name":"(anonymous_5)","decl":{"start":{"line":60,"column":2},"end":{"line":60,"column":8}},"loc":{"start":{"line":60,"column":49},"end":{"line":67,"column":null}}},"5":{"name":"(anonymous_6)","decl":{"start":{"line":72,"column":2},"end":{"line":72,"column":8}},"loc":{"start":{"line":72,"column":41},"end":{"line":80,"column":null}}}},"branchMap":{"0":{"loc":{"start":{"line":72,"column":23},"end":{"line":72,"column":41}},"type":"default-arg","locations":[{"start":{"line":72,"column":39},"end":{"line":72,"column":41}}]}},"s":{"0":0,"1":0,"2":0,"3":0,"4":0,"5":0,"6":0,"7":0,"8":0,"9":0,"10":0,"11":0,"12":0,"13":0,"14":0,"15":0,"16":0,"17":0,"18":0,"19":0,"20":0,"21":0,"22":0,"23":0,"24":0,"25":0,"26":0,"27":0,"28":0,"29":0,"30":0,"31":0},"f":{"0":0,"1":0,"2":0,"3":0,"4":0,"5":0},"b":{"0":[0]}}
,"/Users/sethford/Documents/GitHub/assassin/web/src/api/PlayerApi.ts": {"path":"/Users/sethford/Documents/GitHub/assassin/web/src/api/PlayerApi.ts","statementMap":{"0":{"start":{"line":7,"column":13},"end":{"line":7,"column":25}},"1":{"start":{"line":2,"column":20},"end":{"line":2,"column":null}},"2":{"start":{"line":5,"column":21},"end":{"line":5,"column":null}},"3":{"start":{"line":7,"column":25},"end":{"line":108,"column":null}},"4":{"start":{"line":12,"column":4},"end":{"line":34,"column":null}},"5":{"start":{"line":13,"column":6},"end":{"line":13,"column":null}},"6":{"start":{"line":14,"column":6},"end":{"line":33,"column":null}},"7":{"start":{"line":36,"column":4},"end":{"line":42,"column":null}},"8":{"start":{"line":37,"column":23},"end":{"line":37,"column":null}},"9":{"start":{"line":38,"column":6},"end":{"line":38,"column":null}},"10":{"start":{"line":40,"column":6},"end":{"line":40,"column":null}},"11":{"start":{"line":41,"column":6},"end":{"line":41,"column":null}},"12":{"start":{"line":49,"column":4},"end":{"line":60,"column":null}},"13":{"start":{"line":50,"column":6},"end":{"line":50,"column":null}},"14":{"start":{"line":51,"column":6},"end":{"line":59,"column":null}},"15":{"start":{"line":62,"column":4},"end":{"line":68,"column":null}},"16":{"start":{"line":63,"column":23},"end":{"line":63,"column":null}},"17":{"start":{"line":64,"column":6},"end":{"line":64,"column":null}},"18":{"start":{"line":66,"column":6},"end":{"line":66,"column":null}},"19":{"start":{"line":67,"column":6},"end":{"line":67,"column":null}},"20":{"start":{"line":75,"column":4},"end":{"line":81,"column":null}},"21":{"start":{"line":76,"column":23},"end":{"line":76,"column":null}},"22":{"start":{"line":77,"column":6},"end":{"line":77,"column":null}},"23":{"start":{"line":79,"column":6},"end":{"line":79,"column":null}},"24":{"start":{"line":80,"column":6},"end":{"line":80,"column":null}},"25":{"start":{"line":88,"column":4},"end":{"line":94,"column":null}},"26":{"start":{"line":89,"column":23},"end":{"line":89,"column":null}},"27":{"start":{"line":90,"column":6},"end":{"line":90,"column":null}},"28":{"start":{"line":92,"column":6},"end":{"line":92,"column":null}},"29":{"start":{"line":93,"column":6},"end":{"line":93,"column":null}},"30":{"start":{"line":101,"column":4},"end":{"line":106,"column":null}},"31":{"start":{"line":102,"column":6},"end":{"line":102,"column":null}},"32":{"start":{"line":104,"column":6},"end":{"line":104,"column":null}},"33":{"start":{"line":105,"column":6},"end":{"line":105,"column":null}}},"fnMap":{"0":{"name":"(anonymous_1)","decl":{"start":{"line":11,"column":2},"end":{"line":11,"column":8}},"loc":{"start":{"line":11,"column":8},"end":{"line":43,"column":null}}},"1":{"name":"(anonymous_2)","decl":{"start":{"line":48,"column":2},"end":{"line":48,"column":8}},"loc":{"start":{"line":48,"column":38},"end":{"line":69,"column":null}}},"2":{"name":"(anonymous_3)","decl":{"start":{"line":74,"column":2},"end":{"line":74,"column":8}},"loc":{"start":{"line":74,"column":71},"end":{"line":82,"column":null}}},"3":{"name":"(anonymous_4)","decl":{"start":{"line":87,"column":2},"end":{"line":87,"column":8}},"loc":{"start":{"line":87,"column":66},"end":{"line":95,"column":null}}},"4":{"name":"(anonymous_5)","decl":{"start":{"line":100,"column":2},"end":{"line":100,"column":8}},"loc":{"start":{"line":100,"column":37},"end":{"line":107,"column":null}}}},"branchMap":{"0":{"loc":{"start":{"line":12,"column":4},"end":{"line":34,"column":null}},"type":"if","locations":[{"start":{"line":12,"column":4},"end":{"line":34,"column":null}}]},"1":{"loc":{"start":{"line":49,"column":4},"end":{"line":60,"column":null}},"type":"if","locations":[{"start":{"line":49,"column":4},"end":{"line":60,"column":null}}]}},"s":{"0":0,"1":0,"2":0,"3":0,"4":0,"5":0,"6":0,"7":0,"8":0,"9":0,"10":0,"11":0,"12":0,"13":0,"14":0,"15":0,"16":0,"17":0,"18":0,"19":0,"20":0,"21":0,"22":0,"23":0,"24":0,"25":0,"26":0,"27":0,"28":0,"29":0,"30":0,"31":0,"32":0,"33":0},"f":{"0":0,"1":0,"2":0,"3":0,"4":0},"b":{"0":[0],"1":[0]}}
,"/Users/sethford/Documents/GitHub/assassin/web/src/api/StatsApi.ts": {"path":"/Users/sethford/Documents/GitHub/assassin/web/src/api/StatsApi.ts","statementMap":{"0":{"start":{"line":25,"column":13},"end":{"line":25,"column":24}},"1":{"start":{"line":1,"column":20},"end":{"line":1,"column":null}},"2":{"start":{"line":25,"column":24},"end":{"line":125,"column":null}},"3":{"start":{"line":31,"column":4},"end":{"line":38,"column":null}},"4":{"start":{"line":32,"column":23},"end":{"line":32,"column":null}},"5":{"start":{"line":33,"column":6},"end":{"line":33,"column":null}},"6":{"start":{"line":35,"column":6},"end":{"line":35,"column":null}},"7":{"start":{"line":37,"column":6},"end":{"line":37,"column":null}},"8":{"start":{"line":48,"column":4},"end":{"line":58,"column":null}},"9":{"start":{"line":49,"column":21},"end":{"line":51,"column":null}},"10":{"start":{"line":52,"column":23},"end":{"line":52,"column":null}},"11":{"start":{"line":53,"column":6},"end":{"line":53,"column":null}},"12":{"start":{"line":55,"column":6},"end":{"line":55,"column":null}},"13":{"start":{"line":57,"column":6},"end":{"line":57,"column":null}},"14":{"start":{"line":69,"column":4},"end":{"line":79,"column":null}},"15":{"start":{"line":75,"column":6},"end":{"line":75,"column":null}},"16":{"start":{"line":77,"column":6},"end":{"line":77,"column":null}},"17":{"start":{"line":78,"column":6},"end":{"line":78,"column":null}},"18":{"start":{"line":89,"column":4},"end":{"line":99,"column":null}},"19":{"start":{"line":95,"column":6},"end":{"line":95,"column":null}},"20":{"start":{"line":97,"column":6},"end":{"line":97,"column":null}},"21":{"start":{"line":98,"column":6},"end":{"line":98,"column":null}},"22":{"start":{"line":109,"column":4},"end":{"line":119,"column":null}},"23":{"start":{"line":115,"column":6},"end":{"line":115,"column":null}},"24":{"start":{"line":117,"column":6},"end":{"line":117,"column":null}},"25":{"start":{"line":118,"column":6},"end":{"line":118,"column":null}},"26":{"start":{"line":132,"column":34},"end":{"line":132,"column":36}},"27":{"start":{"line":133,"column":14},"end":{"line":133,"column":null}},"28":{"start":{"line":136,"column":2},"end":{"line":146,"column":null}},"29":{"start":{"line":138,"column":6},"end":{"line":138,"column":null}},"30":{"start":{"line":139,"column":6},"end":{"line":139,"column":null}},"31":{"start":{"line":141,"column":6},"end":{"line":141,"column":null}},"32":{"start":{"line":142,"column":6},"end":{"line":142,"column":null}},"33":{"start":{"line":144,"column":6},"end":{"line":144,"column":null}},"34":{"start":{"line":145,"column":6},"end":{"line":145,"column":null}},"35":{"start":{"line":149,"column":2},"end":{"line":161,"column":null}},"36":{"start":{"line":149,"column":15},"end":{"line":149,"column":28}},"37":{"start":{"line":150,"column":17},"end":{"line":150,"column":null}},"38":{"start":{"line":151,"column":4},"end":{"line":151,"column":null}},"39":{"start":{"line":154,"column":4},"end":{"line":154,"column":null}},"40":{"start":{"line":154,"column":43},"end":{"line":154,"column":null}},"41":{"start":{"line":155,"column":4},"end":{"line":155,"column":null}},"42":{"start":{"line":155,"column":43},"end":{"line":155,"column":null}},"43":{"start":{"line":157,"column":4},"end":{"line":160,"column":null}},"44":{"start":{"line":163,"column":2},"end":{"line":163,"column":null}},"45":{"start":{"line":171,"column":2},"end":{"line":177,"column":null}},"46":{"start":{"line":185,"column":33},"end":{"line":185,"column":35}},"47":{"start":{"line":189,"column":2},"end":{"line":214,"column":null}},"48":{"start":{"line":189,"column":17},"end":{"line":189,"column":20}},"49":{"start":{"line":190,"column":4},"end":{"line":213,"column":null}},"50":{"start":{"line":190,"column":20},"end":{"line":190,"column":23}},"51":{"start":{"line":192,"column":18},"end":{"line":192,"column":null}},"52":{"start":{"line":195,"column":6},"end":{"line":201,"column":null}},"53":{"start":{"line":196,"column":8},"end":{"line":196,"column":null}},"54":{"start":{"line":197,"column":13},"end":{"line":201,"column":null}},"55":{"start":{"line":198,"column":8},"end":{"line":198,"column":null}},"56":{"start":{"line":200,"column":8},"end":{"line":200,"column":null}},"57":{"start":{"line":204,"column":6},"end":{"line":206,"column":null}},"58":{"start":{"line":205,"column":8},"end":{"line":205,"column":null}},"59":{"start":{"line":208,"column":6},"end":{"line":212,"column":null}},"60":{"start":{"line":216,"column":2},"end":{"line":216,"column":null}}},"fnMap":{"0":{"name":"(anonymous_1)","decl":{"start":{"line":30,"column":2},"end":{"line":30,"column":8}},"loc":{"start":{"line":30,"column":39},"end":{"line":39,"column":null}}},"1":{"name":"(anonymous_2)","decl":{"start":{"line":47,"column":2},"end":{"line":47,"column":8}},"loc":{"start":{"line":47,"column":67},"end":{"line":59,"column":null}}},"2":{"name":"(anonymous_3)","decl":{"start":{"line":68,"column":2},"end":{"line":68,"column":8}},"loc":{"start":{"line":68,"column":86},"end":{"line":80,"column":null}}},"3":{"name":"(anonymous_4)","decl":{"start":{"line":88,"column":2},"end":{"line":88,"column":8}},"loc":{"start":{"line":88,"column":44},"end":{"line":100,"column":null}}},"4":{"name":"(anonymous_5)","decl":{"start":{"line":108,"column":2},"end":{"line":108,"column":8}},"loc":{"start":{"line":108,"column":40},"end":{"line":120,"column":null}}},"5":{"name":"generateMockKillTrendData","decl":{"start":{"line":131,"column":9},"end":{"line":131,"column":35}},"loc":{"start":{"line":131,"column":68},"end":{"line":164,"column":null}}},"6":{"name":"generateMockComparisonData","decl":{"start":{"line":170,"column":9},"end":{"line":170,"column":null}},"loc":{"start":{"line":170,"column":9},"end":{"line":178,"column":null}}},"7":{"name":"generateMockActivityData","decl":{"start":{"line":184,"column":9},"end":{"line":184,"column":null}},"loc":{"start":{"line":184,"column":9},"end":{"line":217,"column":null}}}},"branchMap":{"0":{"loc":{"start":{"line":47,"column":23},"end":{"line":47,"column":47}},"type":"default-arg","locations":[{"start":{"line":47,"column":40},"end":{"line":47,"column":47}}]},"1":{"loc":{"start":{"line":47,"column":49},"end":{"line":47,"column":67}},"type":"default-arg","locations":[{"start":{"line":47,"column":65},"end":{"line":47,"column":67}}]},"2":{"loc":{"start":{"line":68,"column":43},"end":{"line":68,"column":86}},"type":"default-arg","locations":[{"start":{"line":68,"column":79},"end":{"line":68,"column":86}}]},"3":{"loc":{"start":{"line":136,"column":2},"end":{"line":146,"column":null}},"type":"switch","locations":[{"start":{"line":137,"column":4},"end":{"line":139,"column":null}},{"start":{"line":140,"column":4},"end":{"line":142,"column":null}},{"start":{"line":143,"column":4},"end":{"line":145,"column":null}}]},"4":{"loc":{"start":{"line":154,"column":4},"end":{"line":154,"column":null}},"type":"if","locations":[{"start":{"line":154,"column":4},"end":{"line":154,"column":null}}]},"5":{"loc":{"start":{"line":154,"column":8},"end":{"line":154,"column":43}},"type":"binary-expr","locations":[{"start":{"line":154,"column":8},"end":{"line":154,"column":30}},{"start":{"line":154,"column":30},"end":{"line":154,"column":43}}]},"6":{"loc":{"start":{"line":155,"column":4},"end":{"line":155,"column":null}},"type":"if","locations":[{"start":{"line":155,"column":4},"end":{"line":155,"column":null}}]},"7":{"loc":{"start":{"line":155,"column":8},"end":{"line":155,"column":43}},"type":"binary-expr","locations":[{"start":{"line":155,"column":8},"end":{"line":155,"column":29}},{"start":{"line":155,"column":29},"end":{"line":155,"column":43}}]},"8":{"loc":{"start":{"line":195,"column":6},"end":{"line":201,"column":null}},"type":"if","locations":[{"start":{"line":195,"column":6},"end":{"line":201,"column":null}},{"start":{"line":197,"column":13},"end":{"line":201,"column":null}}]},"9":{"loc":{"start":{"line":195,"column":10},"end":{"line":195,"column":36}},"type":"binary-expr","locations":[{"start":{"line":195,"column":10},"end":{"line":195,"column":24}},{"start":{"line":195,"column":24},"end":{"line":195,"column":36}}]},"10":{"loc":{"start":{"line":197,"column":13},"end":{"line":201,"column":null}},"type":"if","locations":[{"start":{"line":197,"column":13},"end":{"line":201,"column":null}},{"start":{"line":199,"column":13},"end":{"line":201,"column":null}}]},"11":{"loc":{"start":{"line":197,"column":17},"end":{"line":197,"column":41}},"type":"binary-expr","locations":[{"start":{"line":197,"column":17},"end":{"line":197,"column":30}},{"start":{"line":197,"column":30},"end":{"line":197,"column":41}}]},"12":{"loc":{"start":{"line":204,"column":6},"end":{"line":206,"column":null}},"type":"if","locations":[{"start":{"line":204,"column":6},"end":{"line":206,"column":null}}]},"13":{"loc":{"start":{"line":204,"column":10},"end":{"line":204,"column":34}},"type":"binary-expr","locations":[{"start":{"line":204,"column":10},"end":{"line":204,"column":23}},{"start":{"line":204,"column":23},"end":{"line":204,"column":34}}]}},"s":{"0":0,"1":1,"2":1,"3":0,"4":0,"5":0,"6":0,"7":0,"8":0,"9":0,"10":0,"11":0,"12":0,"13":0,"14":0,"15":0,"16":0,"17":0,"18":0,"19":0,"20":0,"21":0,"22":0,"23":0,"24":0,"25":0,"26":0,"27":0,"28":0,"29":0,"30":0,"31":0,"32":0,"33":0,"34":0,"35":0,"36":0,"37":0,"38":0,"39":0,"40":0,"41":0,"42":0,"43":0,"44":0,"45":0,"46":0,"47":0,"48":0,"49":0,"50":0,"51":0,"52":0,"53":0,"54":0,"55":0,"56":0,"57":0,"58":0,"59":0,"60":0},"f":{"0":0,"1":0,"2":0,"3":0,"4":0,"5":0,"6":0,"7":0},"b":{"0":[0],"1":[0],"2":[0],"3":[0,0,0],"4":[0],"5":[0,0],"6":[0],"7":[0,0],"8":[0,0],"9":[0,0],"10":[0,0],"11":[0,0],"12":[0],"13":[0,0]}}
,"/Users/sethford/Documents/GitHub/assassin/web/src/api/apiClient.ts": {"path":"/Users/sethford/Documents/GitHub/assassin/web/src/api/apiClient.ts","statementMap":{"0":{"start":{"line":9,"column":13},"end":{"line":9,"column":16}},"1":{"start":{"line":38,"column":13},"end":{"line":38,"column":26}},"2":{"start":{"line":1,"column":18},"end":{"line":1,"column":null}},"3":{"start":{"line":2,"column":27},"end":{"line":2,"column":null}},"4":{"start":{"line":4,"column":21},"end":{"line":4,"column":null}},"5":{"start":{"line":6,"column":21},"end":{"line":6,"column":null}},"6":{"start":{"line":9,"column":19},"end":{"line":14,"column":null}},"7":{"start":{"line":17,"column":0},"end":{"line":35,"column":null}},"8":{"start":{"line":19,"column":2},"end":{"line":22,"column":null}},"9":{"start":{"line":20,"column":4},"end":{"line":20,"column":null}},"10":{"start":{"line":21,"column":4},"end":{"line":21,"column":null}},"11":{"start":{"line":24,"column":18},"end":{"line":24,"column":null}},"12":{"start":{"line":28,"column":2},"end":{"line":30,"column":null}},"13":{"start":{"line":29,"column":4},"end":{"line":29,"column":null}},"14":{"start":{"line":32,"column":2},"end":{"line":32,"column":null}},"15":{"start":{"line":34,"column":2},"end":{"line":34,"column":null}},"16":{"start":{"line":38,"column":29},"end":{"line":51,"column":null}},"17":{"start":{"line":39,"column":2},"end":{"line":49,"column":null}},"18":{"start":{"line":40,"column":4},"end":{"line":48,"column":null}},"19":{"start":{"line":50,"column":2},"end":{"line":50,"column":null}},"20":{"start":{"line":54,"column":0},"end":{"line":83,"column":null}},"21":{"start":{"line":55,"column":16},"end":{"line":55,"column":null}},"22":{"start":{"line":58,"column":4},"end":{"line":62,"column":null}},"23":{"start":{"line":60,"column":6},"end":{"line":60,"column":null}},"24":{"start":{"line":61,"column":6},"end":{"line":61,"column":null}},"25":{"start":{"line":65,"column":4},"end":{"line":80,"column":null}},"26":{"start":{"line":66,"column":25},"end":{"line":66,"column":39}},"27":{"start":{"line":68,"column":6},"end":{"line":75,"column":null}},"28":{"start":{"line":70,"column":8},"end":{"line":70,"column":null}},"29":{"start":{"line":71,"column":13},"end":{"line":75,"column":null}},"30":{"start":{"line":72,"column":8},"end":{"line":72,"column":null}},"31":{"start":{"line":73,"column":13},"end":{"line":75,"column":null}},"32":{"start":{"line":74,"column":8},"end":{"line":74,"column":null}},"33":{"start":{"line":76,"column":11},"end":{"line":80,"column":null}},"34":{"start":{"line":77,"column":6},"end":{"line":77,"column":null}},"35":{"start":{"line":79,"column":6},"end":{"line":79,"column":null}},"36":{"start":{"line":82,"column":4},"end":{"line":82,"column":null}}},"fnMap":{"0":{"name":"(anonymous_4)","decl":{"start":{"line":17,"column":29},"end":{"line":17,"column":36}},"loc":{"start":{"line":17,"column":36},"end":{"line":33,"column":3}}},"1":{"name":"(anonymous_5)","decl":{"start":{"line":33,"column":3},"end":{"line":33,"column":4}},"loc":{"start":{"line":33,"column":4},"end":{"line":35,"column":null}}},"2":{"name":"(anonymous_6)","decl":{"start":{"line":38,"column":29},"end":{"line":38,"column":null}},"loc":{"start":{"line":38,"column":29},"end":{"line":51,"column":null}}},"3":{"name":"(anonymous_7)","decl":{"start":{"line":55,"column":2},"end":{"line":55,"column":3}},"loc":{"start":{"line":55,"column":16},"end":{"line":55,"column":null}}},"4":{"name":"(anonymous_8)","decl":{"start":{"line":56,"column":2},"end":{"line":56,"column":3}},"loc":{"start":{"line":56,"column":3},"end":{"line":83,"column":null}}}},"branchMap":{"0":{"loc":{"start":{"line":4,"column":21},"end":{"line":4,"column":null}},"type":"binary-expr","locations":[{"start":{"line":4,"column":21},"end":{"line":4,"column":52}},{"start":{"line":4,"column":56},"end":{"line":4,"column":null}}]},"1":{"loc":{"start":{"line":19,"column":2},"end":{"line":22,"column":null}},"type":"if","locations":[{"start":{"line":19,"column":2},"end":{"line":22,"column":null}}]},"2":{"loc":{"start":{"line":28,"column":2},"end":{"line":30,"column":null}},"type":"if","locations":[{"start":{"line":28,"column":2},"end":{"line":30,"column":null}}]},"3":{"loc":{"start":{"line":28,"column":6},"end":{"line":28,"column":45}},"type":"binary-expr","locations":[{"start":{"line":28,"column":6},"end":{"line":28,"column":17}},{"start":{"line":28,"column":17},"end":{"line":28,"column":45}}]},"4":{"loc":{"start":{"line":39,"column":2},"end":{"line":49,"column":null}},"type":"if","locations":[{"start":{"line":39,"column":2},"end":{"line":49,"column":null}}]},"5":{"loc":{"start":{"line":58,"column":4},"end":{"line":62,"column":null}},"type":"if","locations":[{"start":{"line":58,"column":4},"end":{"line":62,"column":null}}]},"6":{"loc":{"start":{"line":58,"column":8},"end":{"line":59,"column":67}},"type":"binary-expr","locations":[{"start":{"line":58,"column":8},"end":{"line":58,"column":24}},{"start":{"line":58,"column":24},"end":{"line":58,"column":38}},{"start":{"line":58,"column":42},"end":{"line":58,"column":null}},{"start":{"line":59,"column":8},"end":{"line":59,"column":24}},{"start":{"line":59,"column":28},"end":{"line":59,"column":67}}]},"7":{"loc":{"start":{"line":65,"column":4},"end":{"line":80,"column":null}},"type":"if","locations":[{"start":{"line":65,"column":4},"end":{"line":80,"column":null}},{"start":{"line":76,"column":11},"end":{"line":80,"column":null}}]},"8":{"loc":{"start":{"line":68,"column":6},"end":{"line":75,"column":null}},"type":"if","locations":[{"start":{"line":68,"column":6},"end":{"line":75,"column":null}},{"start":{"line":71,"column":13},"end":{"line":75,"column":null}}]},"9":{"loc":{"start":{"line":71,"column":13},"end":{"line":75,"column":null}},"type":"if","locations":[{"start":{"line":71,"column":13},"end":{"line":75,"column":null}},{"start":{"line":73,"column":13},"end":{"line":75,"column":null}}]},"10":{"loc":{"start":{"line":73,"column":13},"end":{"line":75,"column":null}},"type":"if","locations":[{"start":{"line":73,"column":13},"end":{"line":75,"column":null}}]},"11":{"loc":{"start":{"line":76,"column":11},"end":{"line":80,"column":null}},"type":"if","locations":[{"start":{"line":76,"column":11},"end":{"line":80,"column":null}},{"start":{"line":78,"column":11},"end":{"line":80,"column":null}}]}},"s":{"0":3,"1":0,"2":2,"3":2,"4":2,"5":2,"6":2,"7":2,"8":3,"9":0,"10":0,"11":3,"12":3,"13":0,"14":3,"15":0,"16":2,"17":0,"18":0,"19":0,"20":2,"21":0,"22":0,"23":0,"24":0,"25":0,"26":0,"27":0,"28":0,"29":0,"30":0,"31":0,"32":0,"33":0,"34":0,"35":0,"36":0},"f":{"0":3,"1":0,"2":0,"3":0,"4":0},"b":{"0":[2,2],"1":[0],"2":[0],"3":[3,0],"4":[0],"5":[0],"6":[0,0,0,0,0],"7":[0,0],"8":[0,0],"9":[0,0],"10":[0],"11":[0,0]}}
,"/Users/sethford/Documents/GitHub/assassin/web/src/app/layout.tsx": {"path":"/Users/sethford/Documents/GitHub/assassin/web/src/app/layout.tsx","statementMap":{"0":{"start":{"line":15,"column":24},"end":{"line":15,"column":35}},"1":{"start":{"line":10,"column":13},"end":{"line":10,"column":21}},"2":{"start":{"line":2,"column":22},"end":{"line":2,"column":null}},"3":{"start":{"line":3,"column":7},"end":{"line":3,"column":null}},"4":{"start":{"line":4,"column":19},"end":{"line":4,"column":null}},"5":{"start":{"line":5,"column":19},"end":{"line":5,"column":null}},"6":{"start":{"line":6,"column":29},"end":{"line":6,"column":null}},"7":{"start":{"line":8,"column":14},"end":{"line":8,"column":null}},"8":{"start":{"line":10,"column":34},"end":{"line":13,"column":null}}},"fnMap":{"0":{"name":"RootLayout","decl":{"start":{"line":15,"column":24},"end":{"line":15,"column":35}},"loc":{"start":{"line":19,"column":2},"end":{"line":37,"column":1}}}},"branchMap":{},"s":{"0":0,"1":0,"2":0,"3":0,"4":0,"5":0,"6":0,"7":0,"8":0},"f":{"0":0},"b":{}}
,"/Users/sethford/Documents/GitHub/assassin/web/src/app/page.tsx": {"path":"/Users/sethford/Documents/GitHub/assassin/web/src/app/page.tsx","statementMap":{"0":{"start":{"line":13,"column":24},"end":{"line":13,"column":null}},"1":{"start":{"line":3,"column":49},"end":{"line":3,"column":null}},"2":{"start":{"line":4,"column":24},"end":{"line":4,"column":null}},"3":{"start":{"line":5,"column":18},"end":{"line":5,"column":null}},"4":{"start":{"line":6,"column":17},"end":{"line":6,"column":null}},"5":{"start":{"line":7,"column":19},"end":{"line":7,"column":null}},"6":{"start":{"line":10,"column":26},"end":{"line":10,"column":null}},"7":{"start":{"line":11,"column":17},"end":{"line":11,"column":null}},"8":{"start":{"line":14,"column":50},"end":{"line":14,"column":null}},"9":{"start":{"line":15,"column":30},"end":{"line":15,"column":null}},"10":{"start":{"line":16,"column":28},"end":{"line":16,"column":null}},"11":{"start":{"line":17,"column":34},"end":{"line":17,"column":null}},"12":{"start":{"line":18,"column":38},"end":{"line":18,"column":null}},"13":{"start":{"line":19,"column":36},"end":{"line":19,"column":null}},"14":{"start":{"line":20,"column":28},"end":{"line":20,"column":null}},"15":{"start":{"line":22,"column":26},"end":{"line":43,"column":null}},"16":{"start":{"line":23,"column":4},"end":{"line":23,"column":null}},"17":{"start":{"line":23,"column":31},"end":{"line":23,"column":null}},"18":{"start":{"line":25,"column":4},"end":{"line":25,"column":null}},"19":{"start":{"line":26,"column":4},"end":{"line":42,"column":null}},"20":{"start":{"line":27,"column":25},"end":{"line":27,"column":null}},"21":{"start":{"line":28,"column":6},"end":{"line":28,"column":null}},"22":{"start":{"line":30,"column":6},"end":{"line":30,"column":null}},"23":{"start":{"line":32,"column":6},"end":{"line":32,"column":null}},"24":{"start":{"line":33,"column":6},"end":{"line":35,"column":null}},"25":{"start":{"line":34,"column":8},"end":{"line":34,"column":null}},"26":{"start":{"line":37,"column":23},"end":{"line":37,"column":null}},"27":{"start":{"line":38,"column":6},"end":{"line":38,"column":null}},"28":{"start":{"line":39,"column":6},"end":{"line":39,"column":null}},"29":{"start":{"line":41,"column":6},"end":{"line":41,"column":null}},"30":{"start":{"line":45,"column":2},"end":{"line":52,"column":37}},"31":{"start":{"line":46,"column":4},"end":{"line":50,"column":null}},"32":{"start":{"line":47,"column":6},"end":{"line":47,"column":null}},"33":{"start":{"line":49,"column":6},"end":{"line":49,"column":null}},"34":{"start":{"line":54,"column":2},"end":{"line":56,"column":null}},"35":{"start":{"line":58,"column":2},"end":{"line":68,"column":null}},"36":{"start":{"line":70,"column":2},"end":{"line":72,"column":null}},"37":{"start":{"line":133,"column":18},"end":{"line":133,"column":61}}},"fnMap":{"0":{"name":"Home","decl":{"start":{"line":13,"column":24},"end":{"line":13,"column":null}},"loc":{"start":{"line":13,"column":24},"end":{"line":154,"column":null}}},"1":{"name":"(anonymous_3)","decl":{"start":{"line":22,"column":38},"end":{"line":22,"column":null}},"loc":{"start":{"line":22,"column":38},"end":{"line":43,"column":5}}},"2":{"name":"(anonymous_4)","decl":{"start":{"line":45,"column":12},"end":{"line":45,"column":null}},"loc":{"start":{"line":45,"column":12},"end":{"line":52,"column":5}}},"3":{"name":"(anonymous_5)","decl":{"start":{"line":132,"column":27},"end":{"line":132,"column":28}},"loc":{"start":{"line":133,"column":18},"end":{"line":133,"column":61}}}},"branchMap":{"0":{"loc":{"start":{"line":23,"column":4},"end":{"line":23,"column":null}},"type":"if","locations":[{"start":{"line":23,"column":4},"end":{"line":23,"column":null}}]},"1":{"loc":{"start":{"line":33,"column":6},"end":{"line":35,"column":null}},"type":"if","locations":[{"start":{"line":33,"column":6},"end":{"line":35,"column":null}}]},"2":{"loc":{"start":{"line":33,"column":10},"end":{"line":33,"column":67}},"type":"binary-expr","locations":[{"start":{"line":33,"column":10},"end":{"line":33,"column":24}},{"start":{"line":33,"column":24},"end":{"line":33,"column":67}}]},"3":{"loc":{"start":{"line":39,"column":20},"end":{"line":39,"column":null}},"type":"binary-expr","locations":[{"start":{"line":39,"column":20},"end":{"line":39,"column":36}},{"start":{"line":39,"column":40},"end":{"line":39,"column":null}}]},"4":{"loc":{"start":{"line":46,"column":4},"end":{"line":50,"column":null}},"type":"if","locations":[{"start":{"line":46,"column":4},"end":{"line":50,"column":null}},{"start":{"line":48,"column":11},"end":{"line":50,"column":null}}]},"5":{"loc":{"start":{"line":46,"column":8},"end":{"line":46,"column":39}},"type":"binary-expr","locations":[{"start":{"line":46,"column":8},"end":{"line":46,"column":27}},{"start":{"line":46,"column":27},"end":{"line":46,"column":39}}]},"6":{"loc":{"start":{"line":54,"column":2},"end":{"line":56,"column":null}},"type":"if","locations":[{"start":{"line":54,"column":2},"end":{"line":56,"column":null}}]},"7":{"loc":{"start":{"line":58,"column":2},"end":{"line":68,"column":null}},"type":"if","locations":[{"start":{"line":58,"column":2},"end":{"line":68,"column":null}}]},"8":{"loc":{"start":{"line":58,"column":6},"end":{"line":58,"column":39}},"type":"binary-expr","locations":[{"start":{"line":58,"column":6},"end":{"line":58,"column":26}},{"start":{"line":58,"column":26},"end":{"line":58,"column":39}}]},"9":{"loc":{"start":{"line":70,"column":2},"end":{"line":72,"column":null}},"type":"if","locations":[{"start":{"line":70,"column":2},"end":{"line":72,"column":null}}]},"10":{"loc":{"start":{"line":77,"column":38},"end":{"line":77,"column":82}},"type":"binary-expr","locations":[{"start":{"line":77,"column":38},"end":{"line":77,"column":59}},{"start":{"line":77,"column":63},"end":{"line":77,"column":82}}]},"11":{"loc":{"start":{"line":80,"column":7},"end":{"line":80,"column":null}},"type":"binary-expr","locations":[{"start":{"line":80,"column":7},"end":{"line":80,"column":null}}]},"12":{"loc":{"start":{"line":81,"column":21},"end":{"line":81,"column":null}},"type":"cond-expr","locations":[{"start":{"line":81,"column":38},"end":{"line":81,"column":50}},{"start":{"line":81,"column":50},"end":{"line":81,"column":null}}]},"13":{"loc":{"start":{"line":82,"column":11},"end":{"line":84,"column":48}},"type":"cond-expr","locations":[{"start":{"line":83,"column":14},"end":{"line":83,"column":55}},{"start":{"line":84,"column":14},"end":{"line":84,"column":48}}]},"14":{"loc":{"start":{"line":91,"column":11},"end":{"line":125,"column":null}},"type":"cond-expr","locations":[{"start":{"line":92,"column":12},"end":{"line":93,"column":15}},{"start":{"line":93,"column":14},"end":{"line":125,"column":null}}]},"15":{"loc":{"start":{"line":93,"column":14},"end":{"line":125,"column":null}},"type":"cond-expr","locations":[{"start":{"line":94,"column":12},"end":{"line":95,"column":21}},{"start":{"line":95,"column":14},"end":{"line":125,"column":null}}]},"16":{"loc":{"start":{"line":93,"column":14},"end":{"line":93,"column":null}},"type":"binary-expr","locations":[{"start":{"line":93,"column":14},"end":{"line":93,"column":28}},{"start":{"line":93,"column":32},"end":{"line":93,"column":null}}]},"17":{"loc":{"start":{"line":95,"column":14},"end":{"line":125,"column":null}},"type":"cond-expr","locations":[{"start":{"line":96,"column":12},"end":{"line":97,"column":25}},{"start":{"line":97,"column":14},"end":{"line":125,"column":null}}]},"18":{"loc":{"start":{"line":97,"column":14},"end":{"line":125,"column":null}},"type":"cond-expr","locations":[{"start":{"line":98,"column":12},"end":{"line":125,"column":null}},{"start":{"line":125,"column":14},"end":{"line":125,"column":null}}]},"19":{"loc":{"start":{"line":106,"column":27},"end":{"line":106,"column":null}},"type":"binary-expr","locations":[{"start":{"line":106,"column":27},"end":{"line":106,"column":44}},{"start":{"line":106,"column":48},"end":{"line":106,"column":null}}]},"20":{"loc":{"start":{"line":108,"column":19},"end":{"line":108,"column":38}},"type":"binary-expr","locations":[{"start":{"line":108,"column":19},"end":{"line":108,"column":38}}]},"21":{"loc":{"start":{"line":128,"column":9},"end":{"line":128,"column":18}},"type":"binary-expr","locations":[{"start":{"line":128,"column":9},"end":{"line":128,"column":18}},{"start":{"line":128,"column":18},"end":{"line":128,"column":null}}]},"22":{"loc":{"start":{"line":135,"column":52},"end":{"line":135,"column":null}},"type":"binary-expr","locations":[{"start":{"line":135,"column":52},"end":{"line":135,"column":67}},{"start":{"line":135,"column":71},"end":{"line":135,"column":null}}]},"23":{"loc":{"start":{"line":140,"column":21},"end":{"line":140,"column":34}},"type":"binary-expr","locations":[{"start":{"line":140,"column":21},"end":{"line":140,"column":34}}]}},"s":{"0":0,"1":0,"2":0,"3":0,"4":0,"5":0,"6":0,"7":0,"8":0,"9":0,"10":0,"11":0,"12":0,"13":0,"14":0,"15":0,"16":0,"17":0,"18":0,"19":0,"20":0,"21":0,"22":0,"23":0,"24":0,"25":0,"26":0,"27":0,"28":0,"29":0,"30":0,"31":0,"32":0,"33":0,"34":0,"35":0,"36":0,"37":0},"f":{"0":0,"1":0,"2":0,"3":0},"b":{"0":[0],"1":[0],"2":[0,0],"3":[0,0],"4":[0,0],"5":[0,0],"6":[0],"7":[0],"8":[0,0],"9":[0],"10":[0,0],"11":[0],"12":[0,0],"13":[0,0],"14":[0,0],"15":[0,0],"16":[0,0],"17":[0,0],"18":[0,0],"19":[0,0],"20":[0],"21":[0,0],"22":[0,0],"23":[0]}}
,"/Users/sethford/Documents/GitHub/assassin/web/src/app/admin/layout.tsx": {"path":"/Users/sethford/Documents/GitHub/assassin/web/src/app/admin/layout.tsx","statementMap":{"0":{"start":{"line":16,"column":24},"end":{"line":16,"column":36}},"1":{"start":{"line":3,"column":26},"end":{"line":3,"column":null}},"2":{"start":{"line":4,"column":26},"end":{"line":4,"column":null}},"3":{"start":{"line":5,"column":17},"end":{"line":5,"column":null}},"4":{"start":{"line":6,"column":24},"end":{"line":6,"column":null}},"5":{"start":{"line":7,"column":18},"end":{"line":7,"column":null}},"6":{"start":{"line":10,"column":16},"end":{"line":14,"column":null}},"7":{"start":{"line":13,"column":2},"end":{"line":13,"column":15}},"8":{"start":{"line":21,"column":17},"end":{"line":21,"column":null}},"9":{"start":{"line":22,"column":38},"end":{"line":22,"column":null}},"10":{"start":{"line":25,"column":2},"end":{"line":31,"column":null}},"11":{"start":{"line":26,"column":4},"end":{"line":30,"column":null}},"12":{"start":{"line":27,"column":6},"end":{"line":27,"column":null}},"13":{"start":{"line":28,"column":11},"end":{"line":30,"column":null}},"14":{"start":{"line":29,"column":6},"end":{"line":29,"column":null}},"15":{"start":{"line":33,"column":2},"end":{"line":39,"column":null}},"16":{"start":{"line":41,"column":2},"end":{"line":47,"column":null}}},"fnMap":{"0":{"name":"(anonymous_2)","decl":{"start":{"line":10,"column":16},"end":{"line":10,"column":17}},"loc":{"start":{"line":10,"column":17},"end":{"line":14,"column":null}}},"1":{"name":"AdminLayout","decl":{"start":{"line":16,"column":24},"end":{"line":16,"column":36}},"loc":{"start":{"line":20,"column":1},"end":{"line":78,"column":null}}},"2":{"name":"(anonymous_4)","decl":{"start":{"line":25,"column":12},"end":{"line":25,"column":null}},"loc":{"start":{"line":25,"column":12},"end":{"line":31,"column":5}}},"3":{"name":"NavLink","decl":{"start":{"line":81,"column":9},"end":{"line":81,"column":17}},"loc":{"start":{"line":81,"column":80},"end":{"line":90,"column":null}}}},"branchMap":{"0":{"loc":{"start":{"line":26,"column":4},"end":{"line":30,"column":null}},"type":"if","locations":[{"start":{"line":26,"column":4},"end":{"line":30,"column":null}},{"start":{"line":28,"column":11},"end":{"line":30,"column":null}}]},"1":{"loc":{"start":{"line":28,"column":11},"end":{"line":30,"column":null}},"type":"if","locations":[{"start":{"line":28,"column":11},"end":{"line":30,"column":null}}]},"2":{"loc":{"start":{"line":33,"column":2},"end":{"line":39,"column":null}},"type":"if","locations":[{"start":{"line":33,"column":2},"end":{"line":39,"column":null}}]},"3":{"loc":{"start":{"line":41,"column":2},"end":{"line":47,"column":null}},"type":"if","locations":[{"start":{"line":41,"column":2},"end":{"line":47,"column":null}}]}},"s":{"0":0,"1":0,"2":0,"3":0,"4":0,"5":0,"6":0,"7":0,"8":0,"9":0,"10":0,"11":0,"12":0,"13":0,"14":0,"15":0,"16":0},"f":{"0":0,"1":0,"2":0,"3":0},"b":{"0":[0,0],"1":[0],"2":[0],"3":[0]}}
,"/Users/sethford/Documents/GitHub/assassin/web/src/app/admin/dashboard/page.tsx": {"path":"/Users/sethford/Documents/GitHub/assassin/web/src/app/admin/dashboard/page.tsx","statementMap":{"0":{"start":{"line":18,"column":24},"end":{"line":18,"column":null}},"1":{"start":{"line":3,"column":36},"end":{"line":3,"column":null}},"2":{"start":{"line":4,"column":17},"end":{"line":4,"column":null}},"3":{"start":{"line":5,"column":17},"end":{"line":5,"column":null}},"4":{"start":{"line":6,"column":18},"end":{"line":6,"column":null}},"5":{"start":{"line":7,"column":19},"end":{"line":7,"column":null}},"6":{"start":{"line":8,"column":24},"end":{"line":8,"column":null}},"7":{"start":{"line":19,"column":28},"end":{"line":19,"column":null}},"8":{"start":{"line":20,"column":40},"end":{"line":20,"column":null}},"9":{"start":{"line":21,"column":32},"end":{"line":21,"column":null}},"10":{"start":{"line":22,"column":28},"end":{"line":22,"column":null}},"11":{"start":{"line":24,"column":2},"end":{"line":50,"column":null}},"12":{"start":{"line":26,"column":6},"end":{"line":47,"column":null}},"13":{"start":{"line":27,"column":8},"end":{"line":27,"column":null}},"14":{"start":{"line":31,"column":45},"end":{"line":36,"column":null}},"15":{"start":{"line":37,"column":8},"end":{"line":37,"column":null}},"16":{"start":{"line":39,"column":22},"end":{"line":39,"column":55}},"17":{"start":{"line":40,"column":8},"end":{"line":40,"column":null}},"18":{"start":{"line":43,"column":8},"end":{"line":43,"column":null}},"19":{"start":{"line":44,"column":8},"end":{"line":44,"column":null}},"20":{"start":{"line":46,"column":8},"end":{"line":46,"column":null}},"21":{"start":{"line":49,"column":4},"end":{"line":49,"column":null}},"22":{"start":{"line":52,"column":2},"end":{"line":54,"column":null}},"23":{"start":{"line":56,"column":2},"end":{"line":58,"column":null}},"24":{"start":{"line":85,"column":14},"end":{"line":85,"column":56}}},"fnMap":{"0":{"name":"AdminDashboard","decl":{"start":{"line":18,"column":24},"end":{"line":18,"column":null}},"loc":{"start":{"line":18,"column":24},"end":{"line":110,"column":null}}},"1":{"name":"(anonymous_3)","decl":{"start":{"line":24,"column":12},"end":{"line":24,"column":null}},"loc":{"start":{"line":24,"column":12},"end":{"line":50,"column":5}}},"2":{"name":"fetchData","decl":{"start":{"line":25,"column":19},"end":{"line":25,"column":null}},"loc":{"start":{"line":25,"column":19},"end":{"line":48,"column":null}}},"3":{"name":"(anonymous_5)","decl":{"start":{"line":84,"column":29},"end":{"line":84,"column":30}},"loc":{"start":{"line":85,"column":14},"end":{"line":85,"column":56}}}},"branchMap":{"0":{"loc":{"start":{"line":52,"column":2},"end":{"line":54,"column":null}},"type":"if","locations":[{"start":{"line":52,"column":2},"end":{"line":54,"column":null}}]},"1":{"loc":{"start":{"line":56,"column":2},"end":{"line":58,"column":null}},"type":"if","locations":[{"start":{"line":56,"column":2},"end":{"line":58,"column":null}}]},"2":{"loc":{"start":{"line":67,"column":49},"end":{"line":67,"column":null}},"type":"binary-expr","locations":[{"start":{"line":67,"column":49},"end":{"line":67,"column":72}},{"start":{"line":67,"column":72},"end":{"line":67,"column":null}}]},"3":{"loc":{"start":{"line":70,"column":49},"end":{"line":70,"column":null}},"type":"binary-expr","locations":[{"start":{"line":70,"column":49},"end":{"line":70,"column":73}},{"start":{"line":70,"column":73},"end":{"line":70,"column":null}}]},"4":{"loc":{"start":{"line":73,"column":49},"end":{"line":73,"column":null}},"type":"binary-expr","locations":[{"start":{"line":73,"column":49},"end":{"line":73,"column":70}},{"start":{"line":73,"column":70},"end":{"line":73,"column":null}}]},"5":{"loc":{"start":{"line":76,"column":49},"end":{"line":76,"column":null}},"type":"binary-expr","locations":[{"start":{"line":76,"column":49},"end":{"line":76,"column":75}},{"start":{"line":76,"column":75},"end":{"line":76,"column":null}}]},"6":{"loc":{"start":{"line":83,"column":10},"end":{"line":92,"column":11}},"type":"cond-expr","locations":[{"start":{"line":83,"column":10},"end":{"line":92,"column":11}}]},"7":{"loc":{"start":{"line":86,"column":17},"end":{"line":86,"column":46}},"type":"binary-expr","locations":[{"start":{"line":86,"column":17},"end":{"line":86,"column":32}},{"start":{"line":86,"column":36},"end":{"line":86,"column":46}}]},"8":{"loc":{"start":{"line":86,"column":59},"end":{"line":86,"column":null}},"type":"binary-expr","locations":[{"start":{"line":86,"column":59},"end":{"line":86,"column":74}},{"start":{"line":86,"column":78},"end":{"line":86,"column":null}}]}},"s":{"0":0,"1":0,"2":0,"3":0,"4":0,"5":0,"6":0,"7":0,"8":0,"9":0,"10":0,"11":0,"12":0,"13":0,"14":0,"15":0,"16":0,"17":0,"18":0,"19":0,"20":0,"21":0,"22":0,"23":0,"24":0},"f":{"0":0,"1":0,"2":0,"3":0},"b":{"0":[0],"1":[0],"2":[0,0],"3":[0,0],"4":[0,0],"5":[0,0],"6":[0],"7":[0,0],"8":[0,0]}}
,"/Users/sethford/Documents/GitHub/assassin/web/src/app/admin/games/page.tsx": {"path":"/Users/sethford/Documents/GitHub/assassin/web/src/app/admin/games/page.tsx","statementMap":{"0":{"start":{"line":11,"column":24},"end":{"line":11,"column":null}},"1":{"start":{"line":3,"column":36},"end":{"line":3,"column":null}},"2":{"start":{"line":4,"column":17},"end":{"line":4,"column":null}},"3":{"start":{"line":5,"column":19},"end":{"line":5,"column":null}},"4":{"start":{"line":6,"column":18},"end":{"line":6,"column":null}},"5":{"start":{"line":7,"column":33},"end":{"line":7,"column":null}},"6":{"start":{"line":8,"column":24},"end":{"line":8,"column":null}},"7":{"start":{"line":9,"column":17},"end":{"line":9,"column":null}},"8":{"start":{"line":12,"column":28},"end":{"line":12,"column":null}},"9":{"start":{"line":13,"column":32},"end":{"line":13,"column":null}},"10":{"start":{"line":14,"column":28},"end":{"line":14,"column":null}},"11":{"start":{"line":15,"column":42},"end":{"line":15,"column":null}},"12":{"start":{"line":17,"column":2},"end":{"line":32,"column":null}},"13":{"start":{"line":19,"column":6},"end":{"line":28,"column":null}},"14":{"start":{"line":20,"column":8},"end":{"line":20,"column":null}},"15":{"start":{"line":21,"column":26},"end":{"line":21,"column":null}},"16":{"start":{"line":22,"column":8},"end":{"line":22,"column":null}},"17":{"start":{"line":24,"column":25},"end":{"line":24,"column":null}},"18":{"start":{"line":25,"column":8},"end":{"line":25,"column":null}},"19":{"start":{"line":27,"column":8},"end":{"line":27,"column":null}},"20":{"start":{"line":31,"column":4},"end":{"line":31,"column":null}},"21":{"start":{"line":35,"column":24},"end":{"line":38,"column":null}},"22":{"start":{"line":36,"column":4},"end":{"line":36,"column":null}},"23":{"start":{"line":36,"column":32},"end":{"line":36,"column":null}},"24":{"start":{"line":37,"column":4},"end":{"line":37,"column":null}},"25":{"start":{"line":40,"column":30},"end":{"line":51,"column":null}},"26":{"start":{"line":41,"column":4},"end":{"line":50,"column":null}},"27":{"start":{"line":43,"column":8},"end":{"line":43,"column":null}},"28":{"start":{"line":45,"column":8},"end":{"line":45,"column":null}},"29":{"start":{"line":47,"column":8},"end":{"line":47,"column":null}},"30":{"start":{"line":49,"column":8},"end":{"line":49,"column":null}},"31":{"start":{"line":53,"column":2},"end":{"line":55,"column":null}},"32":{"start":{"line":73,"column":29},"end":{"line":73,"column":null}},"33":{"start":{"line":106,"column":18},"end":{"line":106,"column":40}},"34":{"start":{"line":145,"column":30},"end":{"line":148,"column":null}},"35":{"start":{"line":147,"column":32},"end":{"line":147,"column":null}},"36":{"start":{"line":159,"column":30},"end":{"line":162,"column":null}},"37":{"start":{"line":161,"column":32},"end":{"line":161,"column":null}},"38":{"start":{"line":170,"column":28},"end":{"line":173,"column":null}},"39":{"start":{"line":172,"column":30},"end":{"line":172,"column":null}}},"fnMap":{"0":{"name":"ManageGames","decl":{"start":{"line":11,"column":24},"end":{"line":11,"column":null}},"loc":{"start":{"line":11,"column":24},"end":{"line":200,"column":null}}},"1":{"name":"(anonymous_3)","decl":{"start":{"line":17,"column":12},"end":{"line":17,"column":null}},"loc":{"start":{"line":17,"column":12},"end":{"line":32,"column":5}}},"2":{"name":"fetchGames","decl":{"start":{"line":18,"column":19},"end":{"line":18,"column":null}},"loc":{"start":{"line":18,"column":19},"end":{"line":29,"column":null}}},"3":{"name":"(anonymous_5)","decl":{"start":{"line":35,"column":37},"end":{"line":35,"column":null}},"loc":{"start":{"line":35,"column":37},"end":{"line":38,"column":null}}},"4":{"name":"(anonymous_6)","decl":{"start":{"line":40,"column":30},"end":{"line":40,"column":31}},"loc":{"start":{"line":40,"column":31},"end":{"line":51,"column":null}}},"5":{"name":"(anonymous_7)","decl":{"start":{"line":73,"column":22},"end":{"line":73,"column":23}},"loc":{"start":{"line":73,"column":29},"end":{"line":73,"column":null}}},"6":{"name":"(anonymous_8)","decl":{"start":{"line":105,"column":34},"end":{"line":105,"column":35}},"loc":{"start":{"line":106,"column":18},"end":{"line":106,"column":40}}},"7":{"name":"(anonymous_9)","decl":{"start":{"line":144,"column":37},"end":{"line":144,"column":null}},"loc":{"start":{"line":144,"column":37},"end":{"line":149,"column":null}}},"8":{"name":"(anonymous_10)","decl":{"start":{"line":158,"column":37},"end":{"line":158,"column":null}},"loc":{"start":{"line":158,"column":37},"end":{"line":163,"column":null}}},"9":{"name":"(anonymous_11)","decl":{"start":{"line":169,"column":35},"end":{"line":169,"column":null}},"loc":{"start":{"line":169,"column":35},"end":{"line":174,"column":null}}}},"branchMap":{"0":{"loc":{"start":{"line":25,"column":17},"end":{"line":25,"column":null}},"type":"binary-expr","locations":[{"start":{"line":25,"column":17},"end":{"line":25,"column":33}},{"start":{"line":25,"column":37},"end":{"line":25,"column":null}}]},"1":{"loc":{"start":{"line":36,"column":4},"end":{"line":36,"column":null}},"type":"if","locations":[{"start":{"line":36,"column":4},"end":{"line":36,"column":null}}]},"2":{"loc":{"start":{"line":41,"column":4},"end":{"line":50,"column":null}},"type":"switch","locations":[{"start":{"line":42,"column":6},"end":{"line":43,"column":null}},{"start":{"line":44,"column":6},"end":{"line":45,"column":null}},{"start":{"line":46,"column":6},"end":{"line":47,"column":null}},{"start":{"line":48,"column":6},"end":{"line":49,"column":null}}]},"3":{"loc":{"start":{"line":53,"column":2},"end":{"line":55,"column":null}},"type":"if","locations":[{"start":{"line":53,"column":2},"end":{"line":55,"column":null}}]},"4":{"loc":{"start":{"line":66,"column":7},"end":{"line":66,"column":16}},"type":"binary-expr","locations":[{"start":{"line":66,"column":7},"end":{"line":66,"column":16}}]},"5":{"loc":{"start":{"line":105,"column":16},"end":{"line":106,"column":40}},"type":"cond-expr","locations":[{"start":{"line":105,"column":16},"end":{"line":106,"column":40}}]},"6":{"loc":{"start":{"line":112,"column":25},"end":{"line":114,"column":44}},"type":"cond-expr","locations":[{"start":{"line":113,"column":28},"end":{"line":113,"column":69}},{"start":{"line":114,"column":28},"end":{"line":114,"column":44}}]},"7":{"loc":{"start":{"line":112,"column":25},"end":{"line":112,"column":null}},"type":"binary-expr","locations":[{"start":{"line":112,"column":25},"end":{"line":112,"column":41}},{"start":{"line":112,"column":45},"end":{"line":112,"column":null}}]},"8":{"loc":{"start":{"line":142,"column":25},"end":{"line":142,"column":59}},"type":"binary-expr","locations":[{"start":{"line":142,"column":25},"end":{"line":142,"column":59}}]},"9":{"loc":{"start":{"line":145,"column":30},"end":{"line":148,"column":null}},"type":"if","locations":[{"start":{"line":145,"column":30},"end":{"line":148,"column":null}}]},"10":{"loc":{"start":{"line":155,"column":25},"end":{"line":155,"column":58}},"type":"binary-expr","locations":[{"start":{"line":155,"column":25},"end":{"line":155,"column":58}}]},"11":{"loc":{"start":{"line":159,"column":30},"end":{"line":162,"column":null}},"type":"if","locations":[{"start":{"line":159,"column":30},"end":{"line":162,"column":null}}]},"12":{"loc":{"start":{"line":170,"column":28},"end":{"line":173,"column":null}},"type":"if","locations":[{"start":{"line":170,"column":28},"end":{"line":173,"column":null}}]}},"s":{"0":0,"1":0,"2":0,"3":0,"4":0,"5":0,"6":0,"7":0,"8":0,"9":0,"10":0,"11":0,"12":0,"13":0,"14":0,"15":0,"16":0,"17":0,"18":0,"19":0,"20":0,"21":0,"22":0,"23":0,"24":0,"25":0,"26":0,"27":0,"28":0,"29":0,"30":0,"31":0,"32":0,"33":0,"34":0,"35":0,"36":0,"37":0,"38":0,"39":0},"f":{"0":0,"1":0,"2":0,"3":0,"4":0,"5":0,"6":0,"7":0,"8":0,"9":0},"b":{"0":[0,0],"1":[0],"2":[0,0,0,0],"3":[0],"4":[0],"5":[0],"6":[0,0],"7":[0,0],"8":[0],"9":[0],"10":[0],"11":[0],"12":[0]}}
,"/Users/sethford/Documents/GitHub/assassin/web/src/app/admin/kills/page.tsx": {"path":"/Users/sethford/Documents/GitHub/assassin/web/src/app/admin/kills/page.tsx","statementMap":{"0":{"start":{"line":11,"column":24},"end":{"line":11,"column":null}},"1":{"start":{"line":3,"column":36},"end":{"line":3,"column":null}},"2":{"start":{"line":4,"column":35},"end":{"line":4,"column":null}},"3":{"start":{"line":7,"column":42},"end":{"line":7,"column":null}},"4":{"start":{"line":8,"column":25},"end":{"line":8,"column":null}},"5":{"start":{"line":9,"column":31},"end":{"line":9,"column":null}},"6":{"start":{"line":12,"column":28},"end":{"line":12,"column":null}},"7":{"start":{"line":13,"column":32},"end":{"line":13,"column":null}},"8":{"start":{"line":14,"column":32},"end":{"line":14,"column":null}},"9":{"start":{"line":15,"column":28},"end":{"line":15,"column":null}},"10":{"start":{"line":16,"column":46},"end":{"line":16,"column":null}},"11":{"start":{"line":17,"column":34},"end":{"line":17,"column":null}},"12":{"start":{"line":19,"column":2},"end":{"line":43,"column":null}},"13":{"start":{"line":20,"column":22},"end":{"line":40,"column":null}},"14":{"start":{"line":21,"column":6},"end":{"line":21,"column":null}},"15":{"start":{"line":22,"column":6},"end":{"line":22,"column":null}},"16":{"start":{"line":24,"column":6},"end":{"line":39,"column":null}},"17":{"start":{"line":26,"column":49},"end":{"line":29,"column":null}},"18":{"start":{"line":31,"column":8},"end":{"line":32,"column":null}},"19":{"start":{"line":32,"column":10},"end":{"line":32,"column":null}},"20":{"start":{"line":33,"column":8},"end":{"line":33,"column":null}},"21":{"start":{"line":35,"column":8},"end":{"line":35,"column":null}},"22":{"start":{"line":36,"column":8},"end":{"line":36,"column":null}},"23":{"start":{"line":38,"column":8},"end":{"line":38,"column":null}},"24":{"start":{"line":42,"column":4},"end":{"line":42,"column":null}},"25":{"start":{"line":46,"column":24},"end":{"line":48,"column":null}},"26":{"start":{"line":48,"column":27},"end":{"line":48,"column":null}},"27":{"start":{"line":51,"column":24},"end":{"line":54,"column":null}},"28":{"start":{"line":52,"column":19},"end":{"line":52,"column":null}},"29":{"start":{"line":52,"column":37},"end":{"line":52,"column":null}},"30":{"start":{"line":53,"column":4},"end":{"line":53,"column":null}},"31":{"start":{"line":56,"column":27},"end":{"line":68,"column":null}},"32":{"start":{"line":57,"column":4},"end":{"line":67,"column":null}},"33":{"start":{"line":58,"column":6},"end":{"line":66,"column":null}},"34":{"start":{"line":59,"column":8},"end":{"line":59,"column":null}},"35":{"start":{"line":60,"column":8},"end":{"line":61,"column":null}},"36":{"start":{"line":61,"column":10},"end":{"line":61,"column":null}},"37":{"start":{"line":64,"column":8},"end":{"line":64,"column":null}},"38":{"start":{"line":65,"column":8},"end":{"line":65,"column":null}},"39":{"start":{"line":86,"column":33},"end":{"line":86,"column":null}},"40":{"start":{"line":91,"column":18},"end":{"line":91,"column":48}},"41":{"start":{"line":104,"column":31},"end":{"line":104,"column":null}},"42":{"start":{"line":115,"column":31},"end":{"line":115,"column":null}},"43":{"start":{"line":142,"column":18},"end":{"line":142,"column":60}},"44":{"start":{"line":156,"column":39},"end":{"line":156,"column":null}}},"fnMap":{"0":{"name":"KillsPage","decl":{"start":{"line":11,"column":24},"end":{"line":11,"column":null}},"loc":{"start":{"line":11,"column":24},"end":{"line":185,"column":null}}},"1":{"name":"(anonymous_2)","decl":{"start":{"line":19,"column":12},"end":{"line":19,"column":null}},"loc":{"start":{"line":19,"column":12},"end":{"line":43,"column":5}}},"2":{"name":"(anonymous_3)","decl":{"start":{"line":20,"column":22},"end":{"line":20,"column":null}},"loc":{"start":{"line":20,"column":22},"end":{"line":40,"column":null}}},"3":{"name":"(anonymous_4)","decl":{"start":{"line":31,"column":36},"end":{"line":31,"column":37}},"loc":{"start":{"line":32,"column":10},"end":{"line":32,"column":null}}},"4":{"name":"(anonymous_5)","decl":{"start":{"line":48,"column":19},"end":{"line":48,"column":27}},"loc":{"start":{"line":48,"column":27},"end":{"line":48,"column":null}}},"5":{"name":"(anonymous_6)","decl":{"start":{"line":51,"column":24},"end":{"line":51,"column":25}},"loc":{"start":{"line":51,"column":25},"end":{"line":54,"column":null}}},"6":{"name":"(anonymous_7)","decl":{"start":{"line":52,"column":32},"end":{"line":52,"column":37}},"loc":{"start":{"line":52,"column":37},"end":{"line":52,"column":null}}},"7":{"name":"(anonymous_8)","decl":{"start":{"line":56,"column":27},"end":{"line":56,"column":34}},"loc":{"start":{"line":56,"column":52},"end":{"line":68,"column":null}}},"8":{"name":"(anonymous_9)","decl":{"start":{"line":60,"column":30},"end":{"line":60,"column":null}},"loc":{"start":{"line":61,"column":10},"end":{"line":61,"column":null}}},"9":{"name":"(anonymous_10)","decl":{"start":{"line":86,"column":26},"end":{"line":86,"column":27}},"loc":{"start":{"line":86,"column":33},"end":{"line":86,"column":null}}},"10":{"name":"(anonymous_11)","decl":{"start":{"line":90,"column":29},"end":{"line":90,"column":null}},"loc":{"start":{"line":91,"column":18},"end":{"line":91,"column":48}}},"11":{"name":"(anonymous_12)","decl":{"start":{"line":104,"column":25},"end":{"line":104,"column":31}},"loc":{"start":{"line":104,"column":31},"end":{"line":104,"column":null}}},"12":{"name":"(anonymous_13)","decl":{"start":{"line":115,"column":25},"end":{"line":115,"column":31}},"loc":{"start":{"line":115,"column":31},"end":{"line":115,"column":null}}},"13":{"name":"(anonymous_14)","decl":{"start":{"line":141,"column":35},"end":{"line":141,"column":null}},"loc":{"start":{"line":142,"column":18},"end":{"line":142,"column":60}}},"14":{"name":"(anonymous_15)","decl":{"start":{"line":156,"column":33},"end":{"line":156,"column":39}},"loc":{"start":{"line":156,"column":39},"end":{"line":156,"column":null}}}},"branchMap":{"0":{"loc":{"start":{"line":46,"column":24},"end":{"line":48,"column":null}},"type":"cond-expr","locations":[{"start":{"line":47,"column":6},"end":{"line":47,"column":null}},{"start":{"line":48,"column":6},"end":{"line":48,"column":null}}]},"1":{"loc":{"start":{"line":48,"column":27},"end":{"line":48,"column":null}},"type":"binary-expr","locations":[{"start":{"line":48,"column":27},"end":{"line":48,"column":63}},{"start":{"line":48,"column":63},"end":{"line":48,"column":null}}]},"2":{"loc":{"start":{"line":53,"column":11},"end":{"line":53,"column":null}},"type":"cond-expr","locations":[{"start":{"line":53,"column":20},"end":{"line":53,"column":37}},{"start":{"line":53,"column":40},"end":{"line":53,"column":null}}]},"3":{"loc":{"start":{"line":57,"column":4},"end":{"line":67,"column":null}},"type":"if","locations":[{"start":{"line":57,"column":4},"end":{"line":67,"column":null}}]},"4":{"loc":{"start":{"line":61,"column":12},"end":{"line":61,"column":59}},"type":"binary-expr","locations":[{"start":{"line":61,"column":12},"end":{"line":61,"column":42}},{"start":{"line":61,"column":42},"end":{"line":61,"column":59}}]},"5":{"loc":{"start":{"line":74,"column":7},"end":{"line":74,"column":16}},"type":"binary-expr","locations":[{"start":{"line":74,"column":7},"end":{"line":74,"column":16}}]},"6":{"loc":{"start":{"line":100,"column":18},"end":{"line":102,"column":null}},"type":"cond-expr","locations":[{"start":{"line":101,"column":22},"end":{"line":101,"column":null}},{"start":{"line":102,"column":22},"end":{"line":102,"column":null}}]},"7":{"loc":{"start":{"line":111,"column":18},"end":{"line":113,"column":null}},"type":"cond-expr","locations":[{"start":{"line":112,"column":22},"end":{"line":112,"column":null}},{"start":{"line":113,"column":22},"end":{"line":113,"column":null}}]},"8":{"loc":{"start":{"line":124,"column":10},"end":{"line":125,"column":26}},"type":"cond-expr","locations":[{"start":{"line":124,"column":10},"end":{"line":125,"column":26}}]},"9":{"loc":{"start":{"line":126,"column":10},"end":{"line":127,"column":25}},"type":"cond-expr","locations":[{"start":{"line":126,"column":10},"end":{"line":127,"column":25}}]},"10":{"loc":{"start":{"line":128,"column":10},"end":{"line":167,"column":11}},"type":"cond-expr","locations":[{"start":{"line":128,"column":10},"end":{"line":167,"column":11}}]},"11":{"loc":{"start":{"line":147,"column":23},"end":{"line":149,"column":null}},"type":"cond-expr","locations":[{"start":{"line":148,"column":26},"end":{"line":148,"column":85}},{"start":{"line":149,"column":26},"end":{"line":149,"column":null}}]},"12":{"loc":{"start":{"line":147,"column":23},"end":{"line":147,"column":54}},"type":"binary-expr","locations":[{"start":{"line":147,"column":23},"end":{"line":147,"column":36}},{"start":{"line":147,"column":40},"end":{"line":147,"column":54}}]},"13":{"loc":{"start":{"line":151,"column":56},"end":{"line":151,"column":null}},"type":"binary-expr","locations":[{"start":{"line":151,"column":56},"end":{"line":151,"column":69}},{"start":{"line":151,"column":73},"end":{"line":151,"column":null}}]}},"s":{"0":0,"1":0,"2":0,"3":0,"4":0,"5":0,"6":0,"7":0,"8":0,"9":0,"10":0,"11":0,"12":0,"13":0,"14":0,"15":0,"16":0,"17":0,"18":0,"19":0,"20":0,"21":0,"22":0,"23":0,"24":0,"25":0,"26":0,"27":0,"28":0,"29":0,"30":0,"31":0,"32":0,"33":0,"34":0,"35":0,"36":0,"37":0,"38":0,"39":0,"40":0,"41":0,"42":0,"43":0,"44":0},"f":{"0":0,"1":0,"2":0,"3":0,"4":0,"5":0,"6":0,"7":0,"8":0,"9":0,"10":0,"11":0,"12":0,"13":0,"14":0},"b":{"0":[0,0],"1":[0,0],"2":[0,0],"3":[0],"4":[0,0],"5":[0],"6":[0,0],"7":[0,0],"8":[0],"9":[0],"10":[0],"11":[0,0],"12":[0,0],"13":[0,0]}}
,"/Users/sethford/Documents/GitHub/assassin/web/src/app/admin/players/page.tsx": {"path":"/Users/sethford/Documents/GitHub/assassin/web/src/app/admin/players/page.tsx","statementMap":{"0":{"start":{"line":11,"column":24},"end":{"line":11,"column":null}},"1":{"start":{"line":3,"column":36},"end":{"line":3,"column":null}},"2":{"start":{"line":4,"column":17},"end":{"line":4,"column":null}},"3":{"start":{"line":5,"column":26},"end":{"line":5,"column":null}},"4":{"start":{"line":7,"column":19},"end":{"line":7,"column":null}},"5":{"start":{"line":8,"column":17},"end":{"line":8,"column":null}},"6":{"start":{"line":9,"column":18},"end":{"line":9,"column":null}},"7":{"start":{"line":12,"column":32},"end":{"line":12,"column":null}},"8":{"start":{"line":13,"column":48},"end":{"line":13,"column":null}},"9":{"start":{"line":14,"column":36},"end":{"line":14,"column":null}},"10":{"start":{"line":15,"column":28},"end":{"line":15,"column":null}},"11":{"start":{"line":16,"column":38},"end":{"line":16,"column":null}},"12":{"start":{"line":17,"column":42},"end":{"line":17,"column":null}},"13":{"start":{"line":18,"column":36},"end":{"line":18,"column":null}},"14":{"start":{"line":19,"column":44},"end":{"line":19,"column":null}},"15":{"start":{"line":21,"column":2},"end":{"line":37,"column":null}},"16":{"start":{"line":23,"column":6},"end":{"line":34,"column":null}},"17":{"start":{"line":24,"column":8},"end":{"line":24,"column":null}},"18":{"start":{"line":25,"column":28},"end":{"line":25,"column":null}},"19":{"start":{"line":26,"column":8},"end":{"line":26,"column":null}},"20":{"start":{"line":27,"column":8},"end":{"line":27,"column":null}},"21":{"start":{"line":29,"column":25},"end":{"line":29,"column":null}},"22":{"start":{"line":30,"column":8},"end":{"line":30,"column":null}},"23":{"start":{"line":31,"column":8},"end":{"line":31,"column":null}},"24":{"start":{"line":33,"column":8},"end":{"line":33,"column":null}},"25":{"start":{"line":36,"column":4},"end":{"line":36,"column":null}},"26":{"start":{"line":39,"column":2},"end":{"line":71,"column":null}},"27":{"start":{"line":40,"column":17},"end":{"line":40,"column":null}},"28":{"start":{"line":43,"column":4},"end":{"line":48,"column":null}},"29":{"start":{"line":44,"column":6},"end":{"line":46,"column":null}},"30":{"start":{"line":45,"column":8},"end":{"line":46,"column":null}},"31":{"start":{"line":51,"column":4},"end":{"line":53,"column":null}},"32":{"start":{"line":52,"column":6},"end":{"line":52,"column":null}},"33":{"start":{"line":52,"column":34},"end":{"line":52,"column":null}},"34":{"start":{"line":56,"column":4},"end":{"line":68,"column":null}},"35":{"start":{"line":57,"column":19},"end":{"line":57,"column":null}},"36":{"start":{"line":58,"column":19},"end":{"line":58,"column":null}},"37":{"start":{"line":60,"column":6},"end":{"line":65,"column":null}},"38":{"start":{"line":61,"column":24},"end":{"line":61,"column":null}},"39":{"start":{"line":62,"column":8},"end":{"line":62,"column":null}},"40":{"start":{"line":63,"column":13},"end":{"line":65,"column":null}},"41":{"start":{"line":64,"column":9},"end":{"line":64,"column":null}},"42":{"start":{"line":67,"column":6},"end":{"line":67,"column":null}},"43":{"start":{"line":70,"column":4},"end":{"line":70,"column":null}},"44":{"start":{"line":74,"column":21},"end":{"line":81,"column":null}},"45":{"start":{"line":75,"column":4},"end":{"line":80,"column":null}},"46":{"start":{"line":76,"column":6},"end":{"line":76,"column":null}},"47":{"start":{"line":78,"column":6},"end":{"line":78,"column":null}},"48":{"start":{"line":79,"column":6},"end":{"line":79,"column":null}},"49":{"start":{"line":84,"column":27},"end":{"line":87,"column":null}},"50":{"start":{"line":85,"column":4},"end":{"line":85,"column":null}},"51":{"start":{"line":85,"column":29},"end":{"line":85,"column":null}},"52":{"start":{"line":86,"column":4},"end":{"line":86,"column":null}},"53":{"start":{"line":89,"column":2},"end":{"line":91,"column":null}},"54":{"start":{"line":112,"column":31},"end":{"line":112,"column":null}},"55":{"start":{"line":119,"column":31},"end":{"line":119,"column":null}},"56":{"start":{"line":135,"column":33},"end":{"line":135,"column":null}},"57":{"start":{"line":141,"column":33},"end":{"line":141,"column":null}},"58":{"start":{"line":147,"column":33},"end":{"line":147,"column":null}},"59":{"start":{"line":153,"column":33},"end":{"line":153,"column":null}},"60":{"start":{"line":165,"column":18},"end":{"line":165,"column":44}},"61":{"start":{"line":206,"column":26},"end":{"line":209,"column":null}},"62":{"start":{"line":208,"column":28},"end":{"line":208,"column":null}}},"fnMap":{"0":{"name":"PlayersAdmin","decl":{"start":{"line":11,"column":24},"end":{"line":11,"column":null}},"loc":{"start":{"line":11,"column":24},"end":{"line":234,"column":null}}},"1":{"name":"(anonymous_3)","decl":{"start":{"line":21,"column":12},"end":{"line":21,"column":null}},"loc":{"start":{"line":21,"column":12},"end":{"line":37,"column":5}}},"2":{"name":"fetchPlayers","decl":{"start":{"line":22,"column":19},"end":{"line":22,"column":null}},"loc":{"start":{"line":22,"column":19},"end":{"line":35,"column":null}}},"3":{"name":"(anonymous_5)","decl":{"start":{"line":39,"column":12},"end":{"line":39,"column":null}},"loc":{"start":{"line":39,"column":12},"end":{"line":71,"column":5}}},"4":{"name":"(anonymous_6)","decl":{"start":{"line":44,"column":29},"end":{"line":44,"column":null}},"loc":{"start":{"line":45,"column":8},"end":{"line":46,"column":null}}},"5":{"name":"(anonymous_7)","decl":{"start":{"line":52,"column":29},"end":{"line":52,"column":34}},"loc":{"start":{"line":52,"column":34},"end":{"line":52,"column":null}}},"6":{"name":"(anonymous_8)","decl":{"start":{"line":56,"column":16},"end":{"line":56,"column":17}},"loc":{"start":{"line":56,"column":20},"end":{"line":68,"column":null}}},"7":{"name":"(anonymous_9)","decl":{"start":{"line":74,"column":21},"end":{"line":74,"column":22}},"loc":{"start":{"line":74,"column":22},"end":{"line":81,"column":null}}},"8":{"name":"(anonymous_10)","decl":{"start":{"line":84,"column":27},"end":{"line":84,"column":28}},"loc":{"start":{"line":84,"column":28},"end":{"line":87,"column":null}}},"9":{"name":"(anonymous_11)","decl":{"start":{"line":112,"column":24},"end":{"line":112,"column":25}},"loc":{"start":{"line":112,"column":31},"end":{"line":112,"column":null}}},"10":{"name":"(anonymous_12)","decl":{"start":{"line":119,"column":24},"end":{"line":119,"column":25}},"loc":{"start":{"line":119,"column":31},"end":{"line":119,"column":null}}},"11":{"name":"(anonymous_13)","decl":{"start":{"line":135,"column":27},"end":{"line":135,"column":33}},"loc":{"start":{"line":135,"column":33},"end":{"line":135,"column":null}}},"12":{"name":"(anonymous_14)","decl":{"start":{"line":141,"column":27},"end":{"line":141,"column":33}},"loc":{"start":{"line":141,"column":33},"end":{"line":141,"column":null}}},"13":{"name":"(anonymous_15)","decl":{"start":{"line":147,"column":27},"end":{"line":147,"column":33}},"loc":{"start":{"line":147,"column":33},"end":{"line":147,"column":null}}},"14":{"name":"(anonymous_16)","decl":{"start":{"line":153,"column":27},"end":{"line":153,"column":33}},"loc":{"start":{"line":153,"column":33},"end":{"line":153,"column":null}}},"15":{"name":"(anonymous_17)","decl":{"start":{"line":164,"column":36},"end":{"line":164,"column":37}},"loc":{"start":{"line":165,"column":18},"end":{"line":165,"column":44}}},"16":{"name":"(anonymous_18)","decl":{"start":{"line":205,"column":33},"end":{"line":205,"column":null}},"loc":{"start":{"line":205,"column":33},"end":{"line":210,"column":null}}}},"branchMap":{"0":{"loc":{"start":{"line":30,"column":17},"end":{"line":30,"column":null}},"type":"binary-expr","locations":[{"start":{"line":30,"column":17},"end":{"line":30,"column":33}},{"start":{"line":30,"column":37},"end":{"line":30,"column":null}}]},"1":{"loc":{"start":{"line":43,"column":4},"end":{"line":48,"column":null}},"type":"if","locations":[{"start":{"line":43,"column":4},"end":{"line":48,"column":null}}]},"2":{"loc":{"start":{"line":45,"column":8},"end":{"line":46,"column":null}},"type":"binary-expr","locations":[{"start":{"line":45,"column":8},"end":{"line":45,"column":null}},{"start":{"line":46,"column":8},"end":{"line":46,"column":null}}]},"3":{"loc":{"start":{"line":51,"column":4},"end":{"line":53,"column":null}},"type":"if","locations":[{"start":{"line":51,"column":4},"end":{"line":53,"column":null}}]},"4":{"loc":{"start":{"line":57,"column":19},"end":{"line":57,"column":null}},"type":"binary-expr","locations":[{"start":{"line":57,"column":19},"end":{"line":57,"column":47}},{"start":{"line":57,"column":52},"end":{"line":57,"column":107}}]},"5":{"loc":{"start":{"line":57,"column":52},"end":{"line":57,"column":107}},"type":"cond-expr","locations":[{"start":{"line":57,"column":102},"end":{"line":57,"column":106}},{"start":{"line":57,"column":106},"end":{"line":57,"column":107}}]},"6":{"loc":{"start":{"line":57,"column":52},"end":{"line":57,"column":102}},"type":"binary-expr","locations":[{"start":{"line":57,"column":52},"end":{"line":57,"column":77}},{"start":{"line":57,"column":77},"end":{"line":57,"column":102}}]},"7":{"loc":{"start":{"line":58,"column":19},"end":{"line":58,"column":null}},"type":"binary-expr","locations":[{"start":{"line":58,"column":19},"end":{"line":58,"column":47}},{"start":{"line":58,"column":52},"end":{"line":58,"column":107}}]},"8":{"loc":{"start":{"line":58,"column":52},"end":{"line":58,"column":107}},"type":"cond-expr","locations":[{"start":{"line":58,"column":102},"end":{"line":58,"column":106}},{"start":{"line":58,"column":106},"end":{"line":58,"column":107}}]},"9":{"loc":{"start":{"line":58,"column":52},"end":{"line":58,"column":102}},"type":"binary-expr","locations":[{"start":{"line":58,"column":52},"end":{"line":58,"column":77}},{"start":{"line":58,"column":77},"end":{"line":58,"column":102}}]},"10":{"loc":{"start":{"line":60,"column":6},"end":{"line":65,"column":null}},"type":"if","locations":[{"start":{"line":60,"column":6},"end":{"line":65,"column":null}},{"start":{"line":63,"column":13},"end":{"line":65,"column":null}}]},"11":{"loc":{"start":{"line":60,"column":10},"end":{"line":60,"column":64}},"type":"binary-expr","locations":[{"start":{"line":60,"column":10},"end":{"line":60,"column":38}},{"start":{"line":60,"column":38},"end":{"line":60,"column":64}}]},"12":{"loc":{"start":{"line":62,"column":15},"end":{"line":62,"column":null}},"type":"cond-expr","locations":[{"start":{"line":62,"column":41},"end":{"line":62,"column":51}},{"start":{"line":62,"column":51},"end":{"line":62,"column":null}}]},"13":{"loc":{"start":{"line":63,"column":13},"end":{"line":65,"column":null}},"type":"if","locations":[{"start":{"line":63,"column":13},"end":{"line":65,"column":null}}]},"14":{"loc":{"start":{"line":63,"column":17},"end":{"line":63,"column":71}},"type":"binary-expr","locations":[{"start":{"line":63,"column":17},"end":{"line":63,"column":45}},{"start":{"line":63,"column":45},"end":{"line":63,"column":71}}]},"15":{"loc":{"start":{"line":64,"column":16},"end":{"line":64,"column":null}},"type":"cond-expr","locations":[{"start":{"line":64,"column":42}
[...]
,"/Users/sethford/Documents/GitHub/assassin/web/src/services/api.ts": {"path":"/Users/sethford/Documents/GitHub/assassin/web/src/services/api.ts","statementMap":{"0":{"start":{"line":61,"column":13},"end":{"line":61,"column":20}},"1":{"start":{"line":139,"column":13},"end":{"line":139,"column":20}},"2":{"start":{"line":121,"column":13},"end":{"line":121,"column":20}},"3":{"start":{"line":100,"column":13},"end":{"line":100,"column":22}},"4":{"start":{"line":13,"column":21},"end":{"line":13,"column":null}},"5":{"start":{"line":21,"column":4},"end":{"line":21,"column":null}},"6":{"start":{"line":22,"column":4},"end":{"line":22,"column":null}},"7":{"start":{"line":23,"column":4},"end":{"line":23,"column":null}},"8":{"start":{"line":24,"column":4},"end":{"line":24,"column":null}},"9":{"start":{"line":34,"column":16},"end":{"line":34,"column":null}},"10":{"start":{"line":37,"column":18},"end":{"line":41,"column":null}},"11":{"start":{"line":43,"column":19},"end":{"line":46,"column":null}},"12":{"start":{"line":49,"column":15},"end":{"line":49,"column":null}},"13":{"start":{"line":52,"column":2},"end":{"line":55,"column":null}},"14":{"start":{"line":53,"column":18},"end":{"line":53,"column":null}},"15":{"start":{"line":54,"column":4},"end":{"line":54,"column":null}},"16":{"start":{"line":57,"column":2},"end":{"line":57,"column":null}},"17":{"start":{"line":61,"column":23},"end":{"line":97,"column":null}},"18":{"start":{"line":63,"column":4},"end":{"line":66,"column":null}},"19":{"start":{"line":69,"column":4},"end":{"line":72,"column":null}},"20":{"start":{"line":75,"column":4},"end":{"line":78,"column":null}},"21":{"start":{"line":81,"column":4},"end":{"line":84,"column":null}},"22":{"start":{"line":87,"column":4},"end":{"line":90,"column":null}},"23":{"start":{"line":93,"column":4},"end":{"line":96,"column":null}},"24":{"start":{"line":100,"column":25},"end":{"line":118,"column":null}},"25":{"start":{"line":102,"column":4},"end":{"line":102,"column":null}},"26":{"start":{"line":105,"column":4},"end":{"line":105,"column":null}},"27":{"start":{"line":108,"column":4},"end":{"line":111,"column":null}},"28":{"start":{"line":114,"column":4},"end":{"line":117,"column":null}},"29":{"start":{"line":121,"column":23},"end":{"line":136,"column":null}},"30":{"start":{"line":123,"column":4},"end":{"line":123,"column":null}},"31":{"start":{"line":126,"column":4},"end":{"line":126,"column":null}},"32":{"start":{"line":129,"column":4},"end":{"line":129,"column":null}},"33":{"start":{"line":132,"column":4},"end":{"line":135,"column":null}},"34":{"start":{"line":139,"column":23},"end":{"line":157,"column":null}},"35":{"start":{"line":141,"column":4},"end":{"line":141,"column":null}},"36":{"start":{"line":144,"column":4},"end":{"line":144,"column":null}},"37":{"start":{"line":147,"column":4},"end":{"line":150,"column":null}},"38":{"start":{"line":153,"column":4},"end":{"line":156,"column":null}}},"fnMap":{"0":{"name":"(anonymous_5)","decl":{"start":{"line":20,"column":2},"end":{"line":20,"column":14}},"loc":{"start":{"line":20,"column":67},"end":{"line":25,"column":null}}},"1":{"name":"fetchApi","decl":{"start":{"line":29,"column":15},"end":{"line":29,"column":null}},"loc":{"start":{"line":31,"column":27},"end":{"line":58,"column":null}}},"2":{"name":"(anonymous_7)","decl":{"start":{"line":62,"column":10},"end":{"line":62,"column":11}},"loc":{"start":{"line":63,"column":4},"end":{"line":66,"column":null}}},"3":{"name":"(anonymous_8)","decl":{"start":{"line":68,"column":17},"end":{"line":68,"column":18}},"loc":{"start":{"line":69,"column":4},"end":{"line":72,"column":null}}},"4":{"name":"(anonymous_9)","decl":{"start":{"line":74,"column":10},"end":{"line":74,"column":11}},"loc":{"start":{"line":75,"column":4},"end":{"line":78,"column":null}}},"5":{"name":"(anonymous_10)","decl":{"start":{"line":80,"column":16},"end":{"line":80,"column":17}},"loc":{"start":{"line":81,"column":4},"end":{"line":84,"column":null}}},"6":{"name":"(anonymous_11)","decl":{"start":{"line":86,"column":18},"end":{"line":86,"column":19}},"loc":{"start":{"line":87,"column":4},"end":{"line":90,"column":null}}},"7":{"name":"(anonymous_12)","decl":{"start":{"line":92,"column":25},"end":{"line":92,"column":26}},"loc":{"start":{"line":93,"column":4},"end":{"line":96,"column":null}}},"8":{"name":"(anonymous_13)","decl":{"start":{"line":101,"column":17},"end":{"line":101,"column":null}},"loc":{"start":{"line":102,"column":4},"end":{"line":102,"column":null}}},"9":{"name":"(anonymous_14)","decl":{"start":{"line":104,"column":13},"end":{"line":104,"column":14}},"loc":{"start":{"line":105,"column":4},"end":{"line":105,"column":null}}},"10":{"name":"(anonymous_15)","decl":{"start":{"line":107,"column":16},"end":{"line":107,"column":17}},"loc":{"start":{"line":108,"column":4},"end":{"line":111,"column":null}}},"11":{"name":"(anonymous_16)","decl":{"start":{"line":113,"column":16},"end":{"line":113,"column":17}},"loc":{"start":{"line":114,"column":4},"end":{"line":117,"column":null}}},"12":{"name":"(anonymous_17)","decl":{"start":{"line":122,"column":15},"end":{"line":122,"column":null}},"loc":{"start":{"line":123,"column":4},"end":{"line":123,"column":null}}},"13":{"name":"(anonymous_18)","decl":{"start":{"line":125,"column":20},"end":{"line":125,"column":21}},"loc":{"start":{"line":126,"column":4},"end":{"line":126,"column":null}}},"14":{"name":"(anonymous_19)","decl":{"start":{"line":128,"column":20},"end":{"line":128,"column":21}},"loc":{"start":{"line":129,"column":4},"end":{"line":129,"column":null}}},"15":{"name":"(anonymous_20)","decl":{"start":{"line":131,"column":14},"end":{"line":131,"column":15}},"loc":{"start":{"line":132,"column":4},"end":{"line":135,"column":null}}},"16":{"name":"(anonymous_21)","decl":{"start":{"line":140,"column":15},"end":{"line":140,"column":null}},"loc":{"start":{"line":141,"column":4},"end":{"line":141,"column":null}}},"17":{"name":"(anonymous_22)","decl":{"start":{"line":143,"column":11},"end":{"line":143,"column":12}},"loc":{"start":{"line":144,"column":4},"end":{"line":144,"column":null}}},"18":{"name":"(anonymous_23)","decl":{"start":{"line":146,"column":14},"end":{"line":146,"column":15}},"loc":{"start":{"line":147,"column":4},"end":{"line":150,"column":null}}},"19":{"name":"(anonymous_24)","decl":{"start":{"line":152,"column":14},"end":{"line":152,"column":15}},"loc":{"start":{"line":153,"column":4},"end":{"line":156,"column":null}}}},"branchMap":{"0":{"loc":{"start":{"line":13,"column":21},"end":{"line":13,"column":null}},"type":"binary-expr","locations":[{"start":{"line":13,"column":21},"end":{"line":13,"column":52}},{"start":{"line":13,"column":56},"end":{"line":13,"column":null}}]},"1":{"loc":{"start":{"line":31,"column":2},"end":{"line":31,"column":27}},"type":"default-arg","locations":[{"start":{"line":31,"column":25},"end":{"line":31,"column":27}}]},"2":{"loc":{"start":{"line":34,"column":16},"end":{"line":34,"column":null}},"type":"cond-expr","locations":[{"start":{"line":34,"column":48},"end":{"line":34,"column":80}},{"start":{"line":34,"column":80},"end":{"line":34,"column":null}}]},"3":{"loc":{"start":{"line":39,"column":8},"end":{"line":39,"column":59}},"type":"cond-expr","locations":[{"start":{"line":39,"column":16},"end":{"line":39,"column":57}},{"start":{"line":39,"column":57},"end":{"line":39,"column":59}}]},"4":{"loc":{"start":{"line":40,"column":8},"end":{"line":40,"column":29}},"type":"binary-expr","locations":[{"start":{"line":40,"column":8},"end":{"line":40,"column":23}},{"start":{"line":40,"column":27},"end":{"line":40,"column":29}}]},"5":{"loc":{"start":{"line":52,"column":2},"end":{"line":55,"column":null}},"type":"if","locations":[{"start":{"line":52,"column":2},"end":{"line":55,"column":null}}]},"6":{"loc":{"start":{"line":54,"column":23},"end":{"line":54,"column":61}},"type":"binary-expr","locations":[{"start":{"line":54,"column":23},"end":{"line":54,"column":36}},{"start":{"line":54,"column":40},"end":{"line":54,"column":61}}]}},"s":{"0":0,"1":0,"2":0,"3":0,"4":0,"5":0,"6":0,"7":0,"8":0,"9":0,"10":0,"11":0,"12":0,"13":0,"14":0,"15":0,"16":0,"17":0,"18":0,"19":0,"20":0,"21":0,"22":0,"23":0,"24":0,"25":0,"26":0,"27":0,"28":0,"29":0,"30":0,"31":0,"32":0,"33":0,"34":0,"35":0,"36":0,"37":0,"38":0},"f":{"0":0,"1":0,"2":0,"3":0,"4":0,"5":0,"6":0,"7":0,"8":0,"9":0,"10":0,"11":0,"12":0,"13":0,"14":0,"15":0,"16":0,"17":0,"18":0,"19":0},"b":{"0":[0,0],"1":[0],"2":[0,0],"3":[0,0],"4":[0,0],"5":[0],"6":[0,0]}}
,"/Users/sethford/Documents/GitHub/assassin/web/src/types/Game.ts": {"path":"/Users/sethford/Documents/GitHub/assassin/web/src/types/Game.ts","statementMap":{"0":{"start":{"line":1,"column":12},"end":{"line":1,"column":22}},"1":{"start":{"line":7,"column":12},"end":{"line":7,"column":20}}},"fnMap":{},"branchMap":{},"s":{"0":0,"1":0},"f":{},"b":{}}
,"/Users/sethford/Documents/GitHub/assassin/web/src/utils/dateUtils.ts": {"path":"/Users/sethford/Documents/GitHub/assassin/web/src/utils/dateUtils.ts","statementMap":{"0":{"start":{"line":24,"column":16},"end":{"line":24,"column":26}},"1":{"start":{"line":6,"column":16},"end":{"line":6,"column":30}},"2":{"start":{"line":38,"column":16},"end":{"line":38,"column":23}},"3":{"start":{"line":7,"column":15},"end":{"line":7,"column":null}},"4":{"start":{"line":8,"column":2},"end":{"line":16,"column":null}},"5":{"start":{"line":25,"column":15},"end":{"line":25,"column":null}},"6":{"start":{"line":26,"column":2},"end":{"line":30,"column":null}},"7":{"start":{"line":39,"column":15},"end":{"line":39,"column":null}},"8":{"start":{"line":40,"column":14},"end":{"line":40,"column":null}},"9":{"start":{"line":41,"column":24},"end":{"line":41,"column":null}},"10":{"start":{"line":43,"column":2},"end":{"line":45,"column":null}},"11":{"start":{"line":44,"column":4},"end":{"line":44,"column":null}},"12":{"start":{"line":47,"column":24},"end":{"line":47,"column":null}},"13":{"start":{"line":48,"column":2},"end":{"line":50,"column":null}},"14":{"start":{"line":49,"column":4},"end":{"line":49,"column":null}},"15":{"start":{"line":52,"column":22},"end":{"line":52,"column":null}},"16":{"start":{"line":53,"column":2},"end":{"line":55,"column":null}},"17":{"start":{"line":54,"column":4},"end":{"line":54,"column":null}},"18":{"start":{"line":57,"column":21},"end":{"line":57,"column":null}},"19":{"start":{"line":58,"column":2},"end":{"line":60,"column":null}},"20":{"start":{"line":59,"column":4},"end":{"line":59,"column":null}},"21":{"start":{"line":62,"column":23},"end":{"line":62,"column":null}},"22":{"start":{"line":63,"column":2},"end":{"line":65,"column":null}},"23":{"start":{"line":64,"column":4},"end":{"line":64,"column":null}},"24":{"start":{"line":67,"column":22},"end":{"line":67,"column":null}},"25":{"start":{"line":68,"column":2},"end":{"line":68,"column":null}}},"fnMap":{"0":{"name":"formatDateTime","decl":{"start":{"line":6,"column":16},"end":{"line":6,"column":30}},"loc":{"start":{"line":6,"column":49},"end":{"line":17,"column":null}}},"1":{"name":"formatDate","decl":{"start":{"line":24,"column":16},"end":{"line":24,"column":26}},"loc":{"start":{"line":24,"column":45},"end":{"line":31,"column":null}}},"2":{"name":"timeAgo","decl":{"start":{"line":38,"column":16},"end":{"line":38,"column":23}},"loc":{"start":{"line":38,"column":42},"end":{"line":69,"column":null}}}},"branchMap":{"0":{"loc":{"start":{"line":43,"column":2},"end":{"line":45,"column":null}},"type":"if","locations":[{"start":{"line":43,"column":2},"end":{"line":45,"column":null}}]},"1":{"loc":{"start":{"line":44,"column":37},"end":{"line":44,"column":68}},"type":"cond-expr","locations":[{"start":{"line":44,"column":59},"end":{"line":44,"column":64}},{"start":{"line":44,"column":64},"end":{"line":44,"column":68}}]},"2":{"loc":{"start":{"line":48,"column":2},"end":{"line":50,"column":null}},"type":"if","locations":[{"start":{"line":48,"column":2},"end":{"line":50,"column":null}}]},"3":{"loc":{"start":{"line":49,"column":37},"end":{"line":49,"column":68}},"type":"cond-expr","locations":[{"start":{"line":49,"column":59},"end":{"line":49,"column":64}},{"start":{"line":49,"column":64},"end":{"line":49,"column":68}}]},"4":{"loc":{"start":{"line":53,"column":2},"end":{"line":55,"column":null}},"type":"if","locations":[{"start":{"line":53,"column":2},"end":{"line":55,"column":null}}]},"5":{"loc":{"start":{"line":54,"column":33},"end":{"line":54,"column":62}},"type":"cond-expr","locations":[{"start":{"line":54,"column":53},"end":{"line":54,"column":58}},{"start":{"line":54,"column":58},"end":{"line":54,"column":62}}]},"6":{"loc":{"start":{"line":58,"column":2},"end":{"line":60,"column":null}},"type":"if","locations":[{"start":{"line":58,"column":2},"end":{"line":60,"column":null}}]},"7":{"loc":{"start":{"line":59,"column":31},"end":{"line":59,"column":59}},"type":"cond-expr","locations":[{"start":{"line":59,"column":50},"end":{"line":59,"column":55}},{"start":{"line":59,"column":55},"end":{"line":59,"column":59}}]},"8":{"loc":{"start":{"line":63,"column":2},"end":{"line":65,"column":null}},"type":"if","locations":[{"start":{"line":63,"column":2},"end":{"line":65,"column":null}}]},"9":{"loc":{"start":{"line":64,"column":35},"end":{"line":64,"column":65}},"type":"cond-expr","locations":[{"start":{"line":64,"column":56},"end":{"line":64,"column":61}},{"start":{"line":64,"column":61},"end":{"line":64,"column":65}}]},"10":{"loc":{"start":{"line":68,"column":31},"end":{"line":68,"column":60}},"type":"cond-expr","locations":[{"start":{"line":68,"column":51},"end":{"line":68,"column":56}},{"start":{"line":68,"column":56},"end":{"line":68,"column":60}}]}},"s":{"0":0,"1":0,"2":0,"3":0,"4":0,"5":0,"6":0,"7":0,"8":0,"9":0,"10":0,"11":0,"12":0,"13":0,"14":0,"15":0,"16":0,"17":0,"18":0,"19":0,"20":0,"21":0,"22":0,"23":0,"24":0,"25":0},"f":{"0":0,"1":0,"2":0},"b":{"0":[0],"1":[0,0],"2":[0],"3":[0,0],"4":[0],"5":[0,0],"6":[0],"7":[0,0],"8":[0],"9":[0,0],"10":[0,0]}}
,"/Users/sethford/Documents/GitHub/assassin/web/src/utils/exportUtils.ts": {"path":"/Users/sethford/Documents/GitHub/assassin/web/src/utils/exportUtils.ts","statementMap":{"0":{"start":{"line":87,"column":13},"end":{"line":87,"column":33}},"1":{"start":{"line":52,"column":13},"end":{"line":52,"column":35}},"2":{"start":{"line":14,"column":13},"end":{"line":14,"column":35}},"3":{"start":{"line":14,"column":38},"end":{"line":45,"column":null}},"4":{"start":{"line":18,"column":2},"end":{"line":18,"column":null}},"5":{"start":{"line":18,"column":20},"end":{"line":18,"column":null}},"6":{"start":{"line":21,"column":20},"end":{"line":30,"column":null}},"7":{"start":{"line":32,"column":21},"end":{"line":41,"column":null}},"8":{"start":{"line":43,"column":14},"end":{"line":43,"column":43}},"9":{"start":{"line":44,"column":2},"end":{"line":44,"column":null}},"10":{"start":{"line":52,"column":38},"end":{"line":79,"column":null}},"11":{"start":{"line":56,"column":2},"end":{"line":56,"column":null}},"12":{"start":{"line":56,"column":48},"end":{"line":56,"column":null}},"13":{"start":{"line":59,"column":20},"end":{"line":65,"column":null}},"14":{"start":{"line":67,"column":18},"end":{"line":75,"column":null}},"15":{"start":{"line":68,"column":4},"end":{"line":74,"column":null}},"16":{"start":{"line":77,"column":14},"end":{"line":77,"column":51}},"17":{"start":{"line":78,"column":2},"end":{"line":78,"column":null}},"18":{"start":{"line":87,"column":36},"end":{"line":113,"column":null}},"19":{"start":{"line":92,"column":2},"end":{"line":92,"column":null}},"20":{"start":{"line":92,"column":52},"end":{"line":92,"column":null}},"21":{"start":{"line":95,"column":20},"end":{"line":100,"column":null}},"22":{"start":{"line":102,"column":18},"end":{"line":109,"column":null}},"23":{"start":{"line":103,"column":4},"end":{"line":108,"column":null}},"24":{"start":{"line":111,"column":14},"end":{"line":111,"column":51}},"25":{"start":{"line":112,"column":2},"end":{"line":112,"column":null}},"26":{"start":{"line":120,"column":20},"end":{"line":132,"column":null}},"27":{"start":{"line":121,"column":15},"end":{"line":121,"column":null}},"28":{"start":{"line":122,"column":14},"end":{"line":122,"column":null}},"29":{"start":{"line":123,"column":15},"end":{"line":123,"column":null}},"30":{"start":{"line":125,"column":2},"end":{"line":125,"column":null}},"31":{"start":{"line":126,"column":2},"end":{"line":126,"column":null}},"32":{"start":{"line":127,"column":2},"end":{"line":127,"column":null}},"33":{"start":{"line":129,"column":2},"end":{"line":129,"column":null}},"34":{"start":{"line":130,"column":2},"end":{"line":130,"column":null}},"35":{"start":{"line":131,"column":2},"end":{"line":131,"column":null}}},"fnMap":{"0":{"name":"(anonymous_4)","decl":{"start":{"line":14,"column":38},"end":{"line":14,"column":null}},"loc":{"start":{"line":16,"column":31},"end":{"line":45,"column":null}}},"1":{"name":"(anonymous_5)","decl":{"start":{"line":52,"column":38},"end":{"line":52,"column":null}},"loc":{"start":{"line":54,"column":27},"end":{"line":79,"column":null}}},"2":{"name":"(anonymous_6)","decl":{"start":{"line":67,"column":34},"end":{"line":67,"column":null}},"loc":{"start":{"line":67,"column":34},"end":{"line":75,"column":null}}},"3":{"name":"(anonymous_7)","decl":{"start":{"line":87,"column":36},"end":{"line":87,"column":null}},"loc":{"start":{"line":90,"column":26},"end":{"line":113,"column":null}}},"4":{"name":"(anonymous_8)","decl":{"start":{"line":102,"column":36},"end":{"line":102,"column":null}},"loc":{"start":{"line":102,"column":36},"end":{"line":109,"column":null}}},"5":{"name":"(anonymous_9)","decl":{"start":{"line":120,"column":20},"end":{"line":120,"column":21}},"loc":{"start":{"line":120,"column":41},"end":{"line":132,"column":null}}}},"branchMap":{"0":{"loc":{"start":{"line":16,"column":2},"end":{"line":16,"column":31}},"type":"default-arg","locations":[{"start":{"line":16,"column":23},"end":{"line":16,"column":31}}]},"1":{"loc":{"start":{"line":18,"column":2},"end":{"line":18,"column":null}},"type":"if","locations":[{"start":{"line":18,"column":2},"end":{"line":18,"column":null}}]},"2":{"loc":{"start":{"line":54,"column":2},"end":{"line":54,"column":27}},"type":"default-arg","locations":[{"start":{"line":54,"column":22},"end":{"line":54,"column":27}}]},"3":{"loc":{"start":{"line":56,"column":2},"end":{"line":56,"column":null}},"type":"if","locations":[{"start":{"line":56,"column":2},"end":{"line":56,"column":null}}]},"4":{"loc":{"start":{"line":56,"column":6},"end":{"line":56,"column":48}},"type":"binary-expr","locations":[{"start":{"line":56,"column":6},"end":{"line":56,"column":22}},{"start":{"line":56,"column":22},"end":{"line":56,"column":48}}]},"5":{"loc":{"start":{"line":89,"column":2},"end":{"line":89,"column":31}},"type":"default-arg","locations":[{"start":{"line":89,"column":23},"end":{"line":89,"column":31}}]},"6":{"loc":{"start":{"line":90,"column":2},"end":{"line":90,"column":26}},"type":"default-arg","locations":[{"start":{"line":90,"column":19},"end":{"line":90,"column":26}}]},"7":{"loc":{"start":{"line":92,"column":2},"end":{"line":92,"column":null}},"type":"if","locations":[{"start":{"line":92,"column":2},"end":{"line":92,"column":null}}]},"8":{"loc":{"start":{"line":92,"column":6},"end":{"line":92,"column":52}},"type":"binary-expr","locations":[{"start":{"line":92,"column":6},"end":{"line":92,"column":24}},{"start":{"line":92,"column":24},"end":{"line":92,"column":52}}]}},"s":{"0":0,"1":0,"2":0,"3":0,"4":0,"5":0,"6":0,"7":0,"8":0,"9":0,"10":0,"11":0,"12":0,"13":0,"14":0,"15":0,"16":0,"17":0,"18":0,"19":0,"20":0,"21":0,"22":0,"23":0,"24":0,"25":0,"26":0,"27":0,"28":0,"29":0,"30":0,"31":0,"32":0,"33":0,"34":0,"35":0},"f":{"0":0,"1":0,"2":0,"3":0,"4":0,"5":0},"b":{"0":[0],"1":[0],"2":[0],"3":[0],"4":[0,0],"5":[0],"6":[0],"7":[0],"8":[0,0]}}
}
