TN:
SF:src/test-utils.tsx
FN:6,(anonymous_4)
FN:14,(anonymous_5)
FNF:2
FNH:2
FNDA:3,(anonymous_4)
FNDA:3,(anonymous_5)
DA:2,1
DA:3,1
DA:4,1
DA:6,1
DA:14,1
DA:17,3
DA:23,3
LF:7
LH:7
BRF:0
BRH:0
end_of_record
TN:
SF:src/api/GameApi.ts
FN:15,(anonymous_1)
FN:28,(anonymous_2)
FN:41,(anonymous_3)
FN:55,(anonymous_4)
FN:69,(anonymous_5)
FN:82,(anonymous_6)
FN:95,(anonymous_7)
FN:108,(anonymous_8)
FN:121,(anonymous_9)
FN:134,(anonymous_10)
FNF:10
FNH:0
FNDA:0,(anonymous_1)
FNDA:0,(anonymous_2)
FNDA:0,(anonymous_3)
FNDA:0,(anonymous_4)
FNDA:0,(anonymous_5)
FNDA:0,(anonymous_6)
FNDA:0,(anonymous_7)
FNDA:0,(anonymous_8)
FNDA:0,(anonymous_9)
FNDA:0,(anonymous_10)
DA:9,1
DA:11,1
DA:16,0
DA:17,0
DA:18,0
DA:20,0
DA:21,0
DA:29,0
DA:30,0
DA:31,0
DA:33,0
DA:34,0
DA:42,0
DA:43,0
DA:44,0
DA:46,0
DA:47,0
DA:48,0
DA:56,0
DA:57,0
DA:58,0
DA:60,0
DA:61,0
DA:62,0
DA:70,0
DA:71,0
DA:73,0
DA:74,0
DA:75,0
DA:83,0
DA:84,0
DA:86,0
DA:87,0
DA:88,0
DA:96,0
DA:97,0
DA:98,0
DA:100,0
DA:101,0
DA:109,0
DA:110,0
DA:111,0
DA:113,0
DA:114,0
DA:122,0
DA:123,0
DA:125,0
DA:126,0
DA:127,0
DA:135,0
DA:136,0
DA:138,0
DA:139,0
DA:140,0
LF:54
LH:2
BRDA:47,0,0,0
BRDA:47,0,1,0
BRDA:61,1,0,0
BRDA:61,1,1,0
BRDA:74,2,0,0
BRDA:74,2,1,0
BRDA:87,3,0,0
BRDA:87,3,1,0
BRDA:126,4,0,0
BRDA:126,4,1,0
BRDA:139,5,0,0
BRDA:139,5,1,0
BRF:12
BRH:0
end_of_record
TN:
SF:src/api/KillApi.ts
FN:8,(anonymous_1)
FN:21,(anonymous_2)
FN:34,(anonymous_3)
FN:47,(anonymous_4)
FN:60,(anonymous_5)
FN:72,(anonymous_6)
FNF:6
FNH:0
FNDA:0,(anonymous_1)
FNDA:0,(anonymous_2)
FNDA:0,(anonymous_3)
FNDA:0,(anonymous_4)
FNDA:0,(anonymous_5)
FNDA:0,(anonymous_6)
DA:1,0
DA:4,0
DA:9,0
DA:10,0
DA:11,0
DA:13,0
DA:14,0
DA:22,0
DA:23,0
DA:24,0
DA:26,0
DA:27,0
DA:35,0
DA:36,0
DA:37,0
DA:39,0
DA:40,0
DA:48,0
DA:49,0
DA:50,0
DA:52,0
DA:53,0
DA:61,0
DA:62,0
DA:64,0
DA:65,0
DA:73,0
DA:74,0
DA:75,0
DA:77,0
DA:78,0
LF:31
LH:0
BRDA:72,0,0,0
BRF:1
BRH:0
end_of_record
TN:
SF:src/api/PlayerApi.ts
FN:11,(anonymous_1)
FN:48,(anonymous_2)
FN:74,(anonymous_3)
FN:87,(anonymous_4)
FN:100,(anonymous_5)
FNF:5
FNH:0
FNDA:0,(anonymous_1)
FNDA:0,(anonymous_2)
FNDA:0,(anonymous_3)
FNDA:0,(anonymous_4)
FNDA:0,(anonymous_5)
DA:2,0
DA:5,0
DA:7,0
DA:12,0
DA:13,0
DA:14,0
DA:36,0
DA:37,0
DA:38,0
DA:40,0
DA:41,0
DA:49,0
DA:50,0
DA:51,0
DA:62,0
DA:63,0
DA:64,0
DA:66,0
DA:67,0
DA:75,0
DA:76,0
DA:77,0
DA:79,0
DA:80,0
DA:88,0
DA:89,0
DA:90,0
DA:92,0
DA:93,0
DA:101,0
DA:102,0
DA:104,0
DA:105,0
LF:33
LH:0
BRDA:12,0,0,0
BRDA:49,1,0,0
BRF:2
BRH:0
end_of_record
TN:
SF:src/api/StatsApi.ts
FN:30,(anonymous_1)
FN:47,(anonymous_2)
FN:68,(anonymous_3)
FN:88,(anonymous_4)
FN:108,(anonymous_5)
FN:131,generateMockKillTrendData
FN:170,generateMockComparisonData
FN:184,generateMockActivityData
FNF:8
FNH:0
FNDA:0,(anonymous_1)
FNDA:0,(anonymous_2)
FNDA:0,(anonymous_3)
FNDA:0,(anonymous_4)
FNDA:0,(anonymous_5)
FNDA:0,generateMockKillTrendData
FNDA:0,generateMockComparisonData
FNDA:0,generateMockActivityData
DA:1,1
DA:25,1
DA:31,0
DA:32,0
DA:33,0
DA:35,0
DA:37,0
DA:48,0
DA:49,0
DA:52,0
DA:53,0
DA:55,0
DA:57,0
DA:69,0
DA:75,0
DA:77,0
DA:78,0
DA:89,0
DA:95,0
DA:97,0
DA:98,0
DA:109,0
DA:115,0
DA:117,0
DA:118,0
DA:132,0
DA:133,0
DA:136,0
DA:138,0
DA:139,0
DA:141,0
DA:142,0
DA:144,0
DA:145,0
DA:149,0
DA:150,0
DA:151,0
DA:154,0
DA:155,0
DA:157,0
DA:163,0
DA:171,0
DA:185,0
DA:189,0
DA:190,0
DA:192,0
DA:195,0
DA:196,0
DA:197,0
DA:198,0
DA:200,0
DA:204,0
DA:205,0
DA:208,0
DA:216,0
LF:55
LH:2
BRDA:47,0,0,0
BRDA:47,1,0,0
BRDA:68,2,0,0
BRDA:136,3,0,0
BRDA:136,3,1,0
BRDA:136,3,2,0
BRDA:154,4,0,0
BRDA:154,5,0,0
BRDA:154,5,1,0
BRDA:155,6,0,0
BRDA:155,7,0,0
BRDA:155,7,1,0
BRDA:195,8,0,0
BRDA:195,8,1,0
BRDA:195,9,0,0
BRDA:195,9,1,0
BRDA:197,10,0,0
BRDA:197,10,1,0
BRDA:197,11,0,0
BRDA:197,11,1,0
BRDA:204,12,0,0
BRDA:204,13,0,0
BRDA:204,13,1,0
BRF:23
BRH:0
end_of_record
TN:
SF:src/api/apiClient.ts
FN:17,(anonymous_4)
FN:33,(anonymous_5)
FN:38,(anonymous_6)
FN:55,(anonymous_7)
FN:56,(anonymous_8)
FNF:5
FNH:1
FNDA:3,(anonymous_4)
FNDA:0,(anonymous_5)
FNDA:0,(anonymous_6)
FNDA:0,(anonymous_7)
FNDA:0,(anonymous_8)
DA:1,2
DA:2,2
DA:4,2
DA:6,2
DA:9,3
DA:17,2
DA:19,3
DA:20,0
DA:21,0
DA:24,3
DA:28,3
DA:29,0
DA:32,3
DA:34,0
DA:38,2
DA:39,0
DA:40,0
DA:50,0
DA:54,2
DA:55,0
DA:58,0
DA:60,0
DA:61,0
DA:65,0
DA:66,0
DA:68,0
DA:70,0
DA:71,0
DA:72,0
DA:73,0
DA:74,0
DA:76,0
DA:77,0
DA:79,0
DA:82,0
LF:35
LH:12
BRDA:4,0,0,2
BRDA:4,0,1,2
BRDA:19,1,0,0
BRDA:28,2,0,0
BRDA:28,3,0,3
BRDA:28,3,1,0
BRDA:39,4,0,0
BRDA:58,5,0,0
BRDA:58,6,0,0
BRDA:58,6,1,0
BRDA:58,6,2,0
BRDA:58,6,3,0
BRDA:58,6,4,0
BRDA:65,7,0,0
BRDA:65,7,1,0
BRDA:68,8,0,0
BRDA:68,8,1,0
BRDA:71,9,0,0
BRDA:71,9,1,0
BRDA:73,10,0,0
BRDA:76,11,0,0
BRDA:76,11,1,0
BRF:22
BRH:3
end_of_record
TN:
SF:src/app/layout.tsx
FN:15,RootLayout
FNF:1
FNH:0
FNDA:0,RootLayout
DA:2,0
DA:3,0
DA:4,0
DA:5,0
DA:6,0
DA:8,0
DA:10,0
DA:15,0
LF:8
LH:0
BRF:0
BRH:0
end_of_record
TN:
SF:src/app/page.tsx
FN:13,Home
FN:22,(anonymous_3)
FN:45,(anonymous_4)
FN:132,(anonymous_5)
FNF:4
FNH:0
FNDA:0,Home
FNDA:0,(anonymous_3)
FNDA:0,(anonymous_4)
FNDA:0,(anonymous_5)
DA:3,0
DA:4,0
DA:5,0
DA:6,0
DA:7,0
DA:10,0
DA:11,0
DA:13,0
DA:14,0
DA:15,0
DA:16,0
DA:17,0
DA:18,0
DA:19,0
DA:20,0
DA:22,0
DA:23,0
DA:25,0
DA:26,0
DA:27,0
DA:28,0
DA:30,0
DA:32,0
DA:33,0
DA:34,0
DA:37,0
DA:38,0
DA:39,0
DA:41,0
DA:45,0
DA:46,0
DA:47,0
DA:49,0
DA:54,0
DA:58,0
DA:70,0
DA:133,0
LF:37
LH:0
BRDA:23,0,0,0
BRDA:33,1,0,0
BRDA:33,2,0,0
BRDA:33,2,1,0
BRDA:39,3,0,0
BRDA:39,3,1,0
BRDA:46,4,0,0
BRDA:46,4,1,0
BRDA:46,5,0,0
BRDA:46,5,1,0
BRDA:54,6,0,0
BRDA:58,7,0,0
BRDA:58,8,0,0
BRDA:58,8,1,0
BRDA:70,9,0,0
BRDA:77,10,0,0
BRDA:77,10,1,0
BRDA:80,11,0,0
BRDA:81,12,0,0
BRDA:81,12,1,0
BRDA:82,13,0,0
BRDA:82,13,1,0
BRDA:91,14,0,0
BRDA:91,14,1,0
BRDA:93,15,0,0
BRDA:93,15,1,0
BRDA:93,16,0,0
BRDA:93,16,1,0
BRDA:95,17,0,0
BRDA:95,17,1,0
BRDA:97,18,0,0
BRDA:97,18,1,0
BRDA:106,19,0,0
BRDA:106,19,1,0
BRDA:108,20,0,0
BRDA:128,21,0,0
BRDA:128,21,1,0
BRDA:135,22,0,0
BRDA:135,22,1,0
BRDA:140,23,0,0
BRF:40
BRH:0
end_of_record
TN:
SF:src/app/admin/layout.tsx
FN:10,(anonymous_2)
FN:16,AdminLayout
FN:25,(anonymous_4)
FN:81,NavLink
FNF:4
FNH:0
FNDA:0,(anonymous_2)
FNDA:0,AdminLayout
FNDA:0,(anonymous_4)
FNDA:0,NavLink
DA:3,0
DA:4,0
DA:5,0
DA:6,0
DA:7,0
DA:10,0
DA:13,0
DA:16,0
DA:21,0
DA:22,0
DA:25,0
DA:26,0
DA:27,0
DA:28,0
DA:29,0
DA:33,0
DA:41,0
LF:17
LH:0
BRDA:26,0,0,0
BRDA:26,0,1,0
BRDA:28,1,0,0
BRDA:33,2,0,0
BRDA:41,3,0,0
BRF:5
BRH:0
end_of_record
TN:
SF:src/app/admin/dashboard/page.tsx
FN:18,AdminDashboard
FN:24,(anonymous_3)
FN:25,fetchData
FN:84,(anonymous_5)
FNF:4
FNH:0
FNDA:0,AdminDashboard
FNDA:0,(anonymous_3)
FNDA:0,fetchData
FNDA:0,(anonymous_5)
DA:3,0
DA:4,0
DA:5,0
DA:6,0
DA:7,0
DA:8,0
DA:18,0
DA:19,0
DA:20,0
DA:21,0
DA:22,0
DA:24,0
DA:26,0
DA:27,0
DA:31,0
DA:37,0
DA:39,0
DA:40,0
DA:43,0
DA:44,0
DA:46,0
DA:49,0
DA:52,0
DA:56,0
DA:85,0
LF:25
LH:0
BRDA:52,0,0,0
BRDA:56,1,0,0
BRDA:67,2,0,0
BRDA:67,2,1,0
BRDA:70,3,0,0
BRDA:70,3,1,0
BRDA:73,4,0,0
BRDA:73,4,1,0
BRDA:76,5,0,0
BRDA:76,5,1,0
BRDA:83,6,0,0
BRDA:86,7,0,0
BRDA:86,7,1,0
BRDA:86,8,0,0
BRDA:86,8,1,0
BRF:15
BRH:0
end_of_record
TN:
SF:src/app/admin/games/page.tsx
FN:11,ManageGames
FN:17,(anonymous_3)
FN:18,fetchGames
FN:35,(anonymous_5)
FN:40,(anonymous_6)
FN:73,(anonymous_7)
FN:105,(anonymous_8)
FN:144,(anonymous_9)
FN:158,(anonymous_10)
FN:169,(anonymous_11)
FNF:10
FNH:0
FNDA:0,ManageGames
FNDA:0,(anonymous_3)
FNDA:0,fetchGames
FNDA:0,(anonymous_5)
FNDA:0,(anonymous_6)
FNDA:0,(anonymous_7)
FNDA:0,(anonymous_8)
FNDA:0,(anonymous_9)
FNDA:0,(anonymous_10)
FNDA:0,(anonymous_11)
DA:3,0
DA:4,0
DA:5,0
DA:6,0
DA:7,0
DA:8,0
DA:9,0
DA:11,0
DA:12,0
DA:13,0
DA:14,0
DA:15,0
DA:17,0
DA:19,0
DA:20,0
DA:21,0
DA:22,0
DA:24,0
DA:25,0
DA:27,0
DA:31,0
DA:35,0
DA:36,0
DA:37,0
DA:40,0
DA:41,0
DA:43,0
DA:45,0
DA:47,0
DA:49,0
DA:53,0
DA:73,0
DA:106,0
DA:145,0
DA:147,0
DA:159,0
DA:161,0
DA:170,0
DA:172,0
LF:39
LH:0
BRDA:25,0,0,0
BRDA:25,0,1,0
BRDA:36,1,0,0
BRDA:41,2,0,0
BRDA:41,2,1,0
BRDA:41,2,2,0
BRDA:41,2,3,0
BRDA:53,3,0,0
BRDA:66,4,0,0
BRDA:105,5,0,0
BRDA:112,6,0,0
BRDA:112,6,1,0
BRDA:112,7,0,0
BRDA:112,7,1,0
BRDA:142,8,0,0
BRDA:145,9,0,0
BRDA:155,10,0,0
BRDA:159,11,0,0
BRDA:170,12,0,0
BRF:19
BRH:0
end_of_record
TN:
SF:src/app/admin/kills/page.tsx
FN:11,KillsPage
FN:19,(anonymous_2)
FN:20,(anonymous_3)
FN:31,(anonymous_4)
FN:48,(anonymous_5)
FN:51,(anonymous_6)
FN:52,(anonymous_7)
FN:56,(anonymous_8)
FN:60,(anonymous_9)
FN:86,(anonymous_10)
FN:90,(anonymous_11)
FN:104,(anonymous_12)
FN:115,(anonymous_13)
FN:141,(anonymous_14)
FN:156,(anonymous_15)
FNF:15
FNH:0
FNDA:0,KillsPage
FNDA:0,(anonymous_2)
FNDA:0,(anonymous_3)
FNDA:0,(anonymous_4)
FNDA:0,(anonymous_5)
FNDA:0,(anonymous_6)
FNDA:0,(anonymous_7)
FNDA:0,(anonymous_8)
FNDA:0,(anonymous_9)
FNDA:0,(anonymous_10)
FNDA:0,(anonymous_11)
FNDA:0,(anonymous_12)
FNDA:0,(anonymous_13)
FNDA:0,(anonymous_14)
FNDA:0,(anonymous_15)
DA:3,0
DA:4,0
DA:7,0
DA:8,0
DA:9,0
DA:11,0
DA:12,0
DA:13,0
DA:14,0
DA:15,0
DA:16,0
DA:17,0
DA:19,0
DA:20,0
DA:21,0
DA:22,0
DA:24,0
DA:26,0
DA:31,0
DA:32,0
DA:33,0
DA:35,0
DA:36,0
DA:38,0
DA:42,0
DA:46,0
DA:48,0
DA:51,0
DA:52,0
DA:53,0
DA:56,0
DA:57,0
DA:58,0
DA:59,0
DA:60,0
DA:61,0
DA:64,0
DA:65,0
DA:86,0
DA:91,0
DA:104,0
DA:115,0
DA:142,0
DA:156,0
LF:44
LH:0
BRDA:46,0,0,0
BRDA:46,0,1,0
BRDA:48,1,0,0
BRDA:48,1,1,0
BRDA:53,2,0,0
BRDA:53,2,1,0
BRDA:57,3,0,0
BRDA:61,4,0,0
BRDA:61,4,1,0
BRDA:74,5,0,0
BRDA:100,6,0,0
BRDA:100,6,1,0
BRDA:111,7,0,0
BRDA:111,7,1,0
BRDA:124,8,0,0
BRDA:126,9,0,0
BRDA:128,10,0,0
BRDA:147,11,0,0
BRDA:147,11,1,0
BRDA:147,12,0,0
BRDA:147,12,1,0
BRDA:151,13,0,0
BRDA:151,13,1,0
BRF:23
BRH:0
end_of_record
TN:
SF:src/app/admin/players/page.tsx
FN:11,PlayersAdmin
FN:21,(anonymous_3)
FN:22,fetchPlayers
FN:39,(anonymous_5)
FN:44,(anonymous_6)
FN:52,(anonymous_7)
FN:56,(anonymous_8)
FN:74,(anonymous_9)
FN:84,(anonymous_10)
FN:112,(anonymous_11)
FN:119,(anonymous_12)
FN:135,(anonymous_13)
FN:141,(anonymous_14)
FN:147,(anonymous_15)
FN:153,(anonymous_16)
FN:164,(anonymous_17)
FN:205,(anonymous_18)
FNF:17
FNH:0
FNDA:0,PlayersAdmin
FNDA:0,(anonymous_3)
FNDA:0,fetchPlayers
FNDA:0,(anonymous_5)
FNDA:0,(anonymous_6)
FNDA:0,(anonymous_7)
FNDA:0,(anonymous_8)
FNDA:0,(anonymous_9)
FNDA:0,(anonymous_10)
FNDA:0,(anonymous_11)
FNDA:0,(anonymous_12)
FNDA:0,(anonymous_13)
FNDA:0,(anonymous_14)
FNDA:0,(anonymous_15)
FNDA:0,(anonymous_16)
FNDA:0,(anonymous_17)
FNDA:0,(anonymous_18)
DA:3,0
DA:4,0
DA:5,0
DA:7,0
DA:8,0
DA:9,0
DA:11,0
DA:12,0
DA:13,0
DA:14,0
DA:15,0
DA:16,0
DA:17,0
DA:18,0
DA:19,0
DA:21,0
DA:23,0
DA:24,0
DA:25,0
DA:26,0
DA:27,0
DA:29,0
DA:30,0
DA:31,0
DA:33,0
DA:36,0
DA:39,0
DA:40,0
DA:43,0
DA:44,0
DA:45,0
DA:51,0
DA:52,0
DA:56,0
DA:57,0
DA:58,0
DA:60,0
DA:61,0
DA:62,0
DA:63,0
DA:64,0
DA:67,0
DA:70,0
DA:74,0
DA:75,0
DA:76,0
DA:78,0
DA:79,0
DA:84,0
DA:85,0
DA:86,0
DA:89,0
DA:112,0
DA:119,0
DA:135,0
DA:141,0
DA:147,0
DA:153,0
DA:165,0
DA:206,0
DA:208,0
LF:61
LH:0
BRDA:30,0,0,0
BRDA:30,0,1,0
BRDA:43,1,0,0
BRDA:45,2,0,0
BRDA:45,2,1,0
BRDA:51,3,0,0
BRDA:57,4,0,0
BRDA:57,4,1,0
BRDA:57,5,0,0
BRDA:57,5,1,0
BRDA:57,6,0,0
BRDA:57,6,1,0
BRDA:58,7,0,0
BRDA:58,7,1,0
BRDA:58,8,0,0
BRDA:58,8,1,0
BRDA:58,9,0,0
BRDA:58,9,1,0
BRDA:60,10,0,0
BRDA:60,10,1,0
BRDA:60,11,0,0
BRDA:60,11,1,0
BRDA:62,12,0,0
BRDA:62,12,1,0
BRDA:63,13,0,0
BRDA:63,14,0,0
BRDA:63,14,1,0
BRDA:64,15,0,0
BRDA:64,15,1,0
BRDA:75,16,0,0
BRDA:75,16,1,0
BRDA:76,17,0,0
BRDA:76,17,1,0
BRDA:85,18,0,0
BRDA:86,19,0,0
BRDA:86,19,1,0
BRDA:89,20,0,0
BRDA:102,21,0,0
BRDA:164,22,0,0
BRDA:168,23,0,0
BRDA:168,23,1,0
BRDA:173,24,0,0
BRDA:173,24,1,0
BRDA:177,25,0,0
BRDA:177,25,1,0
BRDA:178,26,0,0
BRDA:178,26,1,0
BRDA:181,27,0,0
BRDA:181,27,1,0
BRDA:186,28,0,0
BRDA:206,29,0,0
BRF:51
BRH:0
end_of_record
TN:
SF:src/app/auth/confirm/page.tsx
FN:9,ConfirmSignUpPage
FN:22,(anonymous_3)
FN:35,(anonymous_4)
FN:63,(anonymous_5)
FN:74,(anonymous_6)
FN:124,(anonymous_7)
FN:139,(anonymous_8)
FNF:7
FNH:0
FNDA:0,ConfirmSignUpPage
FNDA:0,(anonymous_3)
FNDA:0,(anonymous_4)
FNDA:0,(anonymous_5)
FNDA:0,(anonymous_6)
FNDA:0,(anonymous_7)
FNDA:0,(anonymous_8)
DA:3,0
DA:4,0
DA:5,0
DA:6,0
DA:7,0
DA:9,0
DA:10,0
DA:11,0
DA:12,0
DA:13,0
DA:14,0
DA:15,0
DA:17,0
DA:18,0
DA:19,0
DA:22,0
DA:23,0
DA:24,0
DA:25,0
DA:30,0
DA:31,0
DA:32,0
DA:35,0
DA:36,0
DA:39,0
DA:40,0
DA:41,0
DA:44,0
DA:45,0
DA:46,0
DA:49,0
DA:50,0
DA:51,0
DA:53,0
DA:54,0
DA:59,0
DA:60,0
DA:63,0
DA:64,0
DA:67,0
DA:68,0
DA:70,0
DA:74,0
DA:75,0
DA:76,0
DA:77,0
DA:82,0
DA:83,0
DA:85,0
DA:86,0
DA:88,0
DA:124,0
DA:139,0
LF:53
LH:0
BRDA:24,0,0,0
BRDA:30,1,0,0
BRDA:39,2,0,0
BRDA:44,3,0,0
BRDA:68,4,0,0
BRDA:68,4,1,0
BRDA:68,4,2,0
BRDA:86,5,0,0
BRDA:86,5,1,0
BRDA:86,5,2,0
BRDA:102,6,0,0
BRDA:108,7,0,0
BRDA:151,8,0,0
BRDA:151,8,1,0
BRDA:164,9,0,0
BRDA:164,9,1,0
BRF:16
BRH:0
end_of_record
TN:
SF:src/app/auth/confirm-forgot-password/page.tsx
FN:9,ConfirmForgotPasswordPage
FN:23,(anonymous_3)
FN:36,(anonymous_4)
FN:42,(anonymous_5)
FN:86,(anonymous_6)
FN:91,(anonymous_7)
FN:134,(anonymous_8)
FN:149,(anonymous_9)
FN:164,(anonymous_10)
FN:182,(anonymous_11)
FNF:10
FNH:0
FNDA:0,ConfirmForgotPasswordPage
FNDA:0,(anonymous_3)
FNDA:0,(anonymous_4)
FNDA:0,(anonymous_5)
FNDA:0,(anonymous_6)
FNDA:0,(anonymous_7)
FNDA:0,(anonymous_8)
FNDA:0,(anonymous_9)
FNDA:0,(anonymous_10)
FNDA:0,(anonymous_11)
DA:3,0
DA:4,0
DA:5,0
DA:6,0
DA:7,0
DA:9,0
DA:10,0
DA:11,0
DA:12,0
DA:13,0
DA:14,0
DA:15,0
DA:16,0
DA:18,0
DA:19,0
DA:20,0
DA:23,0
DA:24,0
DA:25,0
DA:26,0
DA:31,0
DA:32,0
DA:33,0
DA:36,0
DA:38,0
DA:39,0
DA:42,0
DA:43,0
DA:46,0
DA:47,0
DA:48,0
DA:51,0
DA:52,0
DA:53,0
DA:56,0
DA:57,0
DA:58,0
DA:61,0
DA:62,0
DA:63,0
DA:66,0
DA:67,0
DA:68,0
DA:71,0
DA:72,0
DA:73,0
DA:75,0
DA:86,0
DA:88,0
DA:91,0
DA:92,0
DA:95,0
DA:96,0
DA:98,0
DA:134,0
DA:149,0
DA:164,0
DA:182,0
LF:58
LH:0
BRDA:25,0,0,0
BRDA:31,1,0,0
BRDA:46,2,0,0
BRDA:51,3,0,0
BRDA:56,4,0,0
BRDA:61,5,0,0
BRDA:66,6,0,0
BRDA:96,7,0,0
BRDA:96,7,1,0
BRDA:96,7,2,0
BRDA:112,8,0,0
BRDA:118,9,0,0
BRDA:194,10,0,0
BRDA:194,10,1,0
BRF:14
BRH:0
end_of_record
TN:
SF:src/app/auth/forgot-password/page.tsx
FN:9,ForgotPasswordPage
FN:24,(anonymous_3)
FN:44,(anonymous_4)
FN:51,(anonymous_5)
FN:94,(anonymous_6)
FNF:5
FNH:0
FNDA:0,ForgotPasswordPage
FNDA:0,(anonymous_3)
FNDA:0,(anonymous_4)
FNDA:0,(anonymous_5)
FNDA:0,(anonymous_6)
DA:3,0
DA:4,0
DA:5,0
DA:6,0
DA:7,0
DA:9,0
DA:10,0
DA:11,0
DA:12,0
DA:13,0
DA:15,0
DA:16,0
DA:19,0
DA:20,0
DA:21,0
DA:24,0
DA:25,0
DA:28,0
DA:29,0
DA:30,0
DA:33,0
DA:34,0
DA:35,0
DA:37,0
DA:44,0
DA:46,0
DA:51,0
DA:52,0
DA:55,0
DA:56,0
DA:58,0
DA:94,0
LF:32
LH:0
BRDA:19,0,0,0
BRDA:28,1,0,0
BRDA:56,2,0,0
BRDA:56,2,1,0
BRDA:56,2,2,0
BRDA:72,3,0,0
BRDA:78,4,0,0
BRDA:106,5,0,0
BRDA:106,5,1,0
BRF:9
BRH:0
end_of_record
TN:
SF:src/app/auth/signin/page.tsx
FN:9,SignInPage
FN:25,(anonymous_3)
FN:89,(anonymous_4)
FN:112,(anonymous_5)
FN:124,(anonymous_6)
FNF:5
FNH:0
FNDA:0,SignInPage
FNDA:0,(anonymous_3)
FNDA:0,(anonymous_4)
FNDA:0,(anonymous_5)
FNDA:0,(anonymous_6)
DA:3,0
DA:4,0
DA:5,0
DA:6,0
DA:7,0
DA:9,0
DA:10,0
DA:11,0
DA:12,0
DA:13,0
DA:14,0
DA:16,0
DA:17,0
DA:20,0
DA:21,0
DA:22,0
DA:25,0
DA:26,0
DA:29,0
DA:30,0
DA:31,0
DA:34,0
DA:35,0
DA:36,0
DA:39,0
DA:40,0
DA:42,0
DA:43,0
DA:49,0
DA:50,0
DA:52,0
DA:56,0
DA:58,0
DA:59,0
DA:61,0
DA:89,0
DA:112,0
DA:124,0
LF:38
LH:0
BRDA:20,0,0,0
BRDA:29,1,0,0
BRDA:34,2,0,0
BRDA:49,3,0,0
BRDA:49,3,1,0
BRDA:59,4,0,0
BRDA:59,4,1,0
BRDA:59,4,2,0
BRDA:73,5,0,0
BRDA:137,6,0,0
BRDA:137,6,1,0
BRF:11
BRH:0
end_of_record
TN:
SF:src/app/auth/signup/page.tsx
FN:9,SignUpPage
FN:28,(anonymous_3)
FN:33,(anonymous_4)
FN:39,(anonymous_5)
FN:128,(anonymous_6)
FN:143,(anonymous_7)
FN:158,(anonymous_8)
FN:176,(anonymous_9)
FN:188,(anonymous_10)
FNF:9
FNH:0
FNDA:0,SignUpPage
FNDA:0,(anonymous_3)
FNDA:0,(anonymous_4)
FNDA:0,(anonymous_5)
FNDA:0,(anonymous_6)
FNDA:0,(anonymous_7)
FNDA:0,(anonymous_8)
FNDA:0,(anonymous_9)
FNDA:0,(anonymous_10)
DA:3,0
DA:4,0
DA:5,0
DA:6,0
DA:7,0
DA:9,0
DA:10,0
DA:11,0
DA:12,0
DA:13,0
DA:14,0
DA:15,0
DA:16,0
DA:17,0
DA:19,0
DA:20,0
DA:23,0
DA:24,0
DA:25,0
DA:28,0
DA:29,0
DA:30,0
DA:33,0
DA:35,0
DA:36,0
DA:39,0
DA:40,0
DA:43,0
DA:44,0
DA:47,0
DA:48,0
DA:49,0
DA:52,0
DA:53,0
DA:54,0
DA:57,0
DA:58,0
DA:59,0
DA:62,0
DA:63,0
DA:64,0
DA:67,0
DA:68,0
DA:69,0
DA:72,0
DA:74,0
DA:75,0
DA:81,0
DA:82,0
DA:83,0
DA:84,0
DA:85,0
DA:86,0
DA:89,0
DA:91,0
DA:92,0
DA:94,0
DA:128,0
DA:143,0
DA:158,0
DA:176,0
DA:188,0
LF:62
LH:0
BRDA:23,0,0,0
BRDA:47,1,0,0
BRDA:52,2,0,0
BRDA:52,3,0,0
BRDA:52,3,1,0
BRDA:57,4,0,0
BRDA:57,5,0,0
BRDA:57,5,1,0
BRDA:62,6,0,0
BRDA:67,7,0,0
BRDA:92,8,0,0
BRDA:92,8,1,0
BRDA:92,8,2,0
BRDA:106,9,0,0
BRDA:112,10,0,0
BRDA:209,11,0,0
BRDA:209,11,1,0
BRF:17
BRH:0
end_of_record
TN:
SF:src/app/players/[playerId]/page.tsx
FN:10,PlayerProfilePage
FN:16,(anonymous_2)
FN:22,(anonymous_3)
FNF:3
FNH:0
FNDA:0,PlayerProfilePage
FNDA:0,(anonymous_2)
FNDA:0,(anonymous_3)
DA:3,0
DA:4,0
DA:6,0
DA:7,0
DA:8,0
DA:10,0
DA:11,0
DA:12,0
DA:13,0
DA:14,0
DA:16,0
DA:17,0
DA:18,0
DA:22,0
DA:23,0
DA:24,0
DA:26,0
DA:27,0
DA:28,0
DA:30,0
DA:31,0
DA:33,0
DA:37,0
DA:47,0
DA:55,0
LF:25
LH:0
BRDA:17,0,0,0
BRDA:37,1,0,0
BRDA:37,2,0,0
BRDA:37,2,1,0
BRDA:47,3,0,0
BRDA:55,4,0,0
BRDA:79,5,0,0
BRDA:85,6,0,0
BRDA:91,7,0,0
BRDA:97,8,0,0
BRF:10
BRH:0
end_of_record
TN:
SF:src/app/recent-kills/page.tsx
FN:10,RecentKillsPage
FN:38,(anonymous_3)
FN:39,(anonymous_4)
FN:45,(anonymous_5)
FNF:4
FNH:2
FNDA:3,RecentKillsPage
FNDA:0,(anonymous_3)
FNDA:1,(anonymous_4)
FNDA:0,(anonymous_5)
DA:3,1
DA:4,1
DA:5,1
DA:6,1
DA:7,1
DA:10,2
DA:11,3
DA:12,3
DA:38,0
DA:39,1
DA:45,0
LF:11
LH:9
BRDA:28,0,0,3
BRDA:44,1,0,3
BRF:2
BRH:2
end_of_record
TN:
SF:src/app/report-kill/page.tsx
FN:12,ReportKill
FN:24,(anonymous_3)
FN:29,(anonymous_4)
FN:36,(anonymous_5)
FN:40,(anonymous_6)
FN:44,(anonymous_7)
FN:48,(anonymous_8)
FN:55,(anonymous_9)
FN:135,(anonymous_10)
FN:139,(anonymous_11)
FN:156,(anonymous_12)
FN:174,(anonymous_13)
FN:186,(anonymous_14)
FN:200,(anonymous_15)
FNF:14
FNH:0
FNDA:0,ReportKill
FNDA:0,(anonymous_3)
FNDA:0,(anonymous_4)
FNDA:0,(anonymous_5)
FNDA:0,(anonymous_6)
FNDA:0,(anonymous_7)
FNDA:0,(anonymous_8)
FNDA:0,(anonymous_9)
FNDA:0,(anonymous_10)
FNDA:0,(anonymous_11)
FNDA:0,(anonymous_12)
FNDA:0,(anonymous_13)
FNDA:0,(anonymous_14)
FNDA:0,(anonymous_15)
DA:3,0
DA:4,0
DA:5,0
DA:7,0
DA:8,0
DA:9,0
DA:10,0
DA:12,0
DA:13,0
DA:14,0
DA:15,0
DA:16,0
DA:17,0
DA:18,0
DA:19,0
DA:20,0
DA:21,0
DA:22,0
DA:24,0
DA:25,0
DA:26,0
DA:27,0
DA:29,0
DA:31,0
DA:32,0
DA:36,0
DA:37,0
DA:40,0
DA:42,0
DA:43,0
DA:45,0
DA:46,0
DA:49,0
DA:55,0
DA:56,0
DA:57,0
DA:58,0
DA:59,0
DA:61,0
DA:62,0
DA:63,0
DA:64,0
DA:67,0
DA:68,0
DA:75,0
DA:76,0
DA:77,0
DA:78,0
DA:79,0
DA:80,0
DA:82,0
DA:84,0
DA:85,0
DA:87,0
DA:91,0
DA:95,0
DA:100,0
DA:104,0
DA:135,0
DA:140,0
DA:156,0
DA:174,0
DA:186,0
DA:200,0
LF:64
LH:0
BRDA:25,0,0,0
BRDA:42,1,0,0
BRDA:61,2,0,0
BRDA:61,3,0,0
BRDA:61,3,1,0
BRDA:85,4,0,0
BRDA:85,4,1,0
BRDA:85,4,2,0
BRDA:91,5,0,0
BRDA:95,6,0,0
BRDA:100,7,0,0
BRDA:104,8,0,0
BRDA:104,9,0,0
BRDA:104,9,1,0
BRDA:108,10,0,0
BRDA:108,10,1,0
BRDA:125,11,0,0
BRDA:126,12,0,0
BRDA:173,13,0,0
BRDA:173,13,1,0
BRDA:174,14,0,0
BRDA:174,14,1,0
BRDA:185,15,0,0
BRDA:185,15,1,0
BRDA:186,16,0,0
BRDA:186,16,1,0
BRDA:207,17,0,0
BRDA:207,17,1,0
BRDA:207,17,2,0
BRDA:208,18,0,0
BRDA:208,18,1,0
BRF:31
BRH:0
end_of_record
TN:
SF:src/app/stats/page.tsx
FN:17,StatsPage
FN:33,(anonymous_3)
FN:50,fetchData
FN:92,(anonymous_5)
FN:99,(anonymous_6)
FN:100,(anonymous_7)
FN:109,(anonymous_8)
FN:132,(anonymous_11)
FN:174,(anonymous_15)
FN:180,(anonymous_16)
FN:186,(anonymous_17)
FN:311,(anonymous_19)
FN:317,(anonymous_20)
FN:323,(anonymous_21)
FN:335,(anonymous_22)
FN:341,(anonymous_23)
FN:347,(anonymous_24)
FN:359,(anonymous_25)
FN:365,(anonymous_26)
FN:371,(anonymous_27)
FN:410,(anonymous_28)
FNF:21
FNH:0
FNDA:0,StatsPage
FNDA:0,(anonymous_3)
FNDA:0,fetchData
FNDA:0,(anonymous_5)
FNDA:0,(anonymous_6)
FNDA:0,(anonymous_7)
FNDA:0,(anonymous_8)
FNDA:0,(anonymous_11)
FNDA:0,(anonymous_15)
FNDA:0,(anonymous_16)
FNDA:0,(anonymous_17)
FNDA:0,(anonymous_19)
FNDA:0,(anonymous_20)
FNDA:0,(anonymous_21)
FNDA:0,(anonymous_22)
FNDA:0,(anonymous_23)
FNDA:0,(anonymous_24)
FNDA:0,(anonymous_25)
FNDA:0,(anonymous_26)
FNDA:0,(anonymous_27)
FNDA:0,(anonymous_28)
DA:3,0
DA:4,0
DA:5,0
DA:6,0
DA:9,0
DA:10,0
DA:11,0
DA:12,0
DA:13,0
DA:14,0
DA:15,0
DA:17,0
DA:18,0
DA:19,0
DA:20,0
DA:21,0
DA:22,0
DA:23,0
DA:24,0
DA:25,0
DA:28,0
DA:29,0
DA:30,0
DA:31,0
DA:33,0
DA:34,0
DA:35,0
DA:36,0
DA:39,0
DA:40,0
DA:41,0
DA:42,0
DA:43,0
DA:44,0
DA:45,0
DA:46,0
DA:47,0
DA:51,0
DA:52,0
DA:53,0
DA:54,0
DA:57,0
DA:58,0
DA:59,0
DA:61,0
DA:69,0
DA:70,0
DA:71,0
DA:72,0
DA:73,0
DA:76,0
DA:77,0
DA:78,0
DA:79,0
DA:80,0
DA:81,0
DA:82,0
DA:83,0
DA:85,0
DA:89,0
DA:92,0
DA:93,0
DA:94,0
DA:95,0
DA:99,0
DA:100,0
DA:104,0
DA:109,0
DA:110,0
DA:111,0
DA:112,0
DA:114,0
DA:133,0
DA:174,0
DA:175,0
DA:176,0
DA:180,0
DA:181,0
DA:182,0
DA:186,0
DA:187,0
DA:188,0
DA:311,0
DA:317,0
DA:323,0
DA:335,0
DA:341,0
DA:347,0
DA:359,0
DA:365,0
DA:371,0
DA:411,0
LF:92
LH:0
BRDA:34,0,0,0
BRDA:39,1,0,0
BRDA:51,2,0,0
BRDA:77,3,0,0
BRDA:77,3,1,0
BRDA:92,4,0,0
BRDA:93,5,0,0
BRDA:94,6,0,0
BRDA:104,7,0,0
BRDA:104,7,1,0
BRDA:111,8,0,0
BRDA:112,9,0,0
BRDA:112,9,1,0
BRDA:155,10,0,0
BRDA:160,11,0,0
BRDA:175,12,0,0
BRDA:175,13,0,0
BRDA:175,13,1,0
BRDA:176,14,0,0
BRDA:176,14,1,0
BRDA:181,15,0,0
BRDA:187,16,0,0
BRDA:187,17,0,0
BRDA:187,17,1,0
BRDA:188,18,0,0
BRDA:188,18,1,0
BRDA:218,19,0,0
BRDA:218,19,1,0
BRDA:223,20,0,0
BRDA:222,21,0,0
BRDA:222,21,1,0
BRDA:276,22,0,0
BRDA:276,22,1,0
BRDA:290,23,0,0
BRDA:299,24,0,0
BRDA:310,25,0,0
BRDA:310,25,1,0
BRDA:316,26,0,0
BRDA:316,26,1,0
BRDA:322,27,0,0
BRDA:322,27,1,0
BRDA:334,28,0,0
BRDA:334,28,1,0
BRDA:340,29,0,0
BRDA:340,29,1,0
BRDA:346,30,0,0
BRDA:346,30,1,0
BRDA:358,31,0,0
BRDA:358,31,1,0
BRDA:364,32,0,0
BRDA:364,32,1,0
BRDA:370,33,0,0
BRDA:370,33,1,0
BRDA:398,34,0,0
BRDA:411,35,0,0
BRDA:411,35,1,0
BRDA:414,36,0,0
BRDA:414,36,1,0
BRDA:426,37,0,0
BRDA:446,38,0,0
BRDA:448,39,0,0
BRDA:448,39,1,0
BRDA:448,40,0,0
BRDA:448,40,1,0
BRDA:451,41,0,0
BRDA:458,42,0,0
BRDA:463,43,0,0
BRDA:470,44,0,0
BRDA:475,45,0,0
BRDA:482,46,0,0
BRDA:484,47,0,0
BRDA:491,48,0,0
BRDA:493,49,0,0
BRF:73
BRH:0
end_of_record
TN:
SF:src/app/timeline/page.tsx
FN:7,TimelinePage
FN:13,(anonymous_5)
FN:15,(anonymous_6)
FN:18,(anonymous_7)
FN:65,(anonymous_8)
FN:96,(anonymous_9)
FNF:6
FNH:0
FNDA:0,TimelinePage
FNDA:0,(anonymous_5)
FNDA:0,(anonymous_6)
FNDA:0,(anonymous_7)
FNDA:0,(anonymous_8)
FNDA:0,(anonymous_9)
DA:3,0
DA:4,0
DA:7,0
DA:8,0
DA:9,0
DA:10,0
DA:11,0
DA:13,0
DA:15,0
DA:16,0
DA:18,0
DA:21,0
DA:52,0
DA:53,0
DA:56,0
DA:57,0
DA:58,0
DA:62,0
DA:65,0
DA:66,0
DA:96,0
LF:21
LH:0
BRDA:73,0,0,0
BRDA:80,1,0,0
BRDA:86,2,0,0
BRDA:86,2,1,0
BRDA:93,3,0,0
BRF:5
BRH:0
end_of_record
TN:
SF:src/components/Footer.tsx
FN:1,Footer
FNF:1
FNH:0
FNDA:0,Footer
DA:1,0
LF:1
LH:0
BRF:0
BRH:0
end_of_record
TN:
SF:src/components/Header.tsx
FN:6,Header
FN:9,(anonymous_3)
FNF:2
FNH:0
FNDA:0,Header
FNDA:0,(anonymous_3)
DA:3,0
DA:4,0
DA:6,0
DA:7,0
DA:9,0
DA:10,0
LF:6
LH:0
BRDA:10,0,0,0
BRDA:10,0,1,0
BRF:2
BRH:0
end_of_record
TN:
SF:src/components/charts/ActivityHeatmap.tsx
FN:14,(anonymous_2)
FN:32,(anonymous_3)
FN:35,(anonymous_4)
FN:38,(anonymous_5)
FN:45,(anonymous_6)
FN:46,(anonymous_7)
FN:56,(anonymous_8)
FN:71,(anonymous_9)
FN:86,(anonymous_10)
FN:87,(anonymous_11)
FN:108,(anonymous_12)
FNF:11
FNH:0
FNDA:0,(anonymous_2)
FNDA:0,(anonymous_3)
FNDA:0,(anonymous_4)
FNDA:0,(anonymous_5)
FNDA:0,(anonymous_6)
FNDA:0,(anonymous_7)
FNDA:0,(anonymous_8)
FNDA:0,(anonymous_9)
FNDA:0,(anonymous_10)
FNDA:0,(anonymous_11)
FNDA:0,(anonymous_12)
DA:1,0
DA:14,0
DA:15,0
DA:24,0
DA:25,0
DA:26,0
DA:27,0
DA:28,0
DA:31,0
DA:32,0
DA:35,0
DA:38,0
DA:39,0
DA:41,0
DA:45,0
DA:46,0
DA:47,0
DA:57,0
DA:72,0
DA:87,0
DA:88,0
DA:109,0
LF:22
LH:0
BRDA:15,0,0,0
BRDA:15,1,0,0
BRDA:15,1,1,0
BRDA:52,2,0,0
BRDA:66,3,0,0
BRDA:66,3,1,0
BRDA:66,4,0,0
BRDA:66,4,1,0
BRDA:66,5,0,0
BRDA:66,5,1,0
BRDA:99,6,0,0
BRDA:99,6,1,0
BRDA:99,7,0,0
BRDA:99,7,1,0
BRDA:99,8,0,0
BRDA:99,8,1,0
BRF:16
BRH:0
end_of_record
TN:
SF:src/components/charts/ComparativeChart.tsx
FN:10,(anonymous_2)
FN:20,(anonymous_3)
FN:27,(anonymous_4)
FN:32,(anonymous_5)
FN:48,(anonymous_6)
FN:65,(anonymous_7)
FN:71,(anonymous_8)
FNF:7
FNH:0
FNDA:0,(anonymous_2)
FNDA:0,(anonymous_3)
FNDA:0,(anonymous_4)
FNDA:0,(anonymous_5)
FNDA:0,(anonymous_6)
FNDA:0,(anonymous_7)
FNDA:0,(anonymous_8)
DA:1,0
DA:2,0
DA:10,0
DA:11,0
DA:20,0
DA:27,0
DA:28,0
DA:33,0
DA:44,0
DA:48,0
DA:65,0
DA:72,0
LF:12
LH:0
BRDA:11,0,0,0
BRDA:11,1,0,0
BRDA:11,1,1,0
BRDA:28,2,0,0
BRDA:28,3,0,0
BRDA:28,3,1,0
BRDA:28,3,2,0
BRDA:52,4,0,0
BRDA:65,5,0,0
BRDA:65,5,1,0
BRDA:74,6,0,0
BRDA:74,6,1,0
BRF:12
BRH:0
end_of_record
TN:
SF:src/components/charts/KillTrendChart.tsx
FN:25,(anonymous_2)
FN:38,(anonymous_3)
FN:64,(anonymous_4)
FN:82,(anonymous_5)
FN:83,(anonymous_6)
FNF:5
FNH:0
FNDA:0,(anonymous_2)
FNDA:0,(anonymous_3)
FNDA:0,(anonymous_4)
FNDA:0,(anonymous_5)
FNDA:0,(anonymous_6)
DA:3,0
DA:13,0
DA:25,0
DA:29,0
DA:38,0
DA:39,0
DA:65,0
DA:66,0
DA:82,0
DA:83,0
LF:10
LH:0
BRDA:27,0,0,0
BRDA:29,1,0,0
BRDA:29,2,0,0
BRDA:29,2,1,0
BRDA:48,3,0,0
BRF:5
BRH:0
end_of_record
TN:
SF:src/components/charts/PerformanceChart.tsx
FN:24,(anonymous_2)
FNF:1
FNH:0
FNDA:0,(anonymous_2)
DA:3,0
DA:13,0
DA:24,0
DA:25,0
LF:4
LH:0
BRDA:25,0,0,0
BRDA:25,1,0,0
BRDA:25,1,1,0
BRF:3
BRH:0
end_of_record
TN:
SF:src/components/charts/WinLossChart.tsx
FN:25,(anonymous_2)
FN:52,(anonymous_3)
FN:54,(anonymous_4)
FNF:3
FNH:0
FNDA:0,(anonymous_2)
FNDA:0,(anonymous_3)
FNDA:0,(anonymous_4)
DA:3,0
DA:11,0
DA:23,0
DA:25,0
DA:26,0
DA:34,0
DA:35,0
DA:52,0
DA:55,0
LF:9
LH:0
BRDA:26,0,0,0
BRDA:26,1,0,0
BRDA:26,1,1,0
BRDA:26,1,2,0
BRF:4
BRH:0
end_of_record
TN:
SF:src/components/timeline/KillDetails.tsx
FN:9,(anonymous_2)
FN:10,(anonymous_3)
FN:34,(anonymous_4)
FNF:3
FNH:2
FNDA:1,(anonymous_2)
FNDA:1,(anonymous_3)
FNDA:0,(anonymous_4)
DA:1,1
DA:9,1
DA:10,1
DA:11,1
DA:12,1
DA:21,1
DA:22,1
DA:23,1
DA:24,1
DA:34,0
LF:10
LH:9
BRDA:21,0,0,1
BRDA:21,0,1,0
BRDA:22,1,0,1
BRDA:22,1,1,0
BRDA:80,2,0,1
BRDA:80,2,1,0
BRDA:93,3,0,1
BRF:7
BRH:4
end_of_record
TN:
SF:src/components/timeline/Timeline.tsx
FN:21,(anonymous_4)
FN:42,(anonymous_5)
FN:72,(anonymous_6)
FN:86,(anonymous_7)
FN:94,(anonymous_8)
FN:96,(anonymous_9)
FN:100,(anonymous_10)
FN:101,(anonymous_11)
FN:106,(anonymous_12)
FN:124,(anonymous_13)
FN:149,(anonymous_14)
FN:157,(anonymous_15)
FNF:12
FNH:6
FNDA:6,(anonymous_4)
FNDA:3,(anonymous_5)
FNDA:3,(anonymous_6)
FNDA:3,(anonymous_7)
FNDA:0,(anonymous_8)
FNDA:0,(anonymous_9)
FNDA:8,(anonymous_10)
FNDA:0,(anonymous_11)
FNDA:0,(anonymous_12)
FNDA:0,(anonymous_13)
FNDA:4,(anonymous_14)
FNDA:0,(anonymous_15)
DA:1,1
DA:4,1
DA:5,1
DA:6,1
DA:21,3
DA:33,6
DA:34,6
DA:35,6
DA:36,6
DA:37,6
DA:38,6
DA:39,6
DA:42,6
DA:43,3
DA:44,3
DA:45,3
DA:46,3
DA:47,3
DA:48,0
DA:49,0
DA:50,3
DA:51,0
DA:52,0
DA:54,3
DA:55,0
DA:58,0
DA:60,3
DA:61,3
DA:62,3
DA:63,3
DA:64,0
DA:67,3
DA:72,6
DA:73,3
DA:74,3
DA:75,0
DA:77,3
DA:78,3
DA:79,3
DA:80,3
DA:81,0
DA:86,6
DA:87,3
DA:88,3
DA:89,3
DA:94,6
DA:95,0
DA:96,0
DA:100,6
DA:101,8
DA:102,8
DA:105,6
DA:107,0
DA:124,0
DA:150,4
DA:157,0
LF:56
LH:42
BRDA:22,0,0,0
BRDA:26,1,0,6
BRDA:27,2,0,6
BRDA:28,3,0,6
BRDA:30,4,0,4
BRDA:33,5,0,6
BRDA:33,5,1,0
BRDA:47,6,0,0
BRDA:47,6,1,3
BRDA:50,7,0,0
BRDA:50,7,1,3
BRDA:63,8,0,0
BRDA:80,9,0,0
BRDA:88,10,0,3
BRDA:95,11,0,0
BRDA:95,12,0,0
BRDA:95,12,1,0
BRDA:102,13,0,8
BRDA:102,13,1,8
BRDA:105,14,0,0
BRDA:105,14,1,6
BRDA:107,15,0,0
BRDA:107,15,1,0
BRDA:107,16,0,0
BRDA:107,16,1,0
BRDA:108,17,0,0
BRDA:108,17,1,0
BRDA:116,18,0,6
BRDA:131,19,0,6
BRDA:131,19,1,0
BRDA:137,20,0,6
BRDA:141,21,0,6
BRDA:141,21,1,6
BRDA:147,22,0,6
BRDA:147,22,1,6
BRDA:157,23,0,0
BRDA:157,23,1,0
BRDA:163,24,0,6
BRDA:163,24,1,6
BRDA:163,24,2,6
BRDA:166,25,0,0
BRDA:166,25,1,6
BRF:42
BRH:22
end_of_record
TN:
SF:src/components/timeline/TimelineItem.tsx
FN:10,(anonymous_2)
FN:12,(anonymous_3)
FNF:2
FNH:2
FNDA:7,(anonymous_2)
FNDA:7,(anonymous_3)
DA:1,2
DA:2,2
DA:10,7
DA:12,7
DA:13,7
DA:14,7
DA:15,7
DA:18,7
DA:19,7
DA:20,7
DA:21,7
DA:23,7
DA:24,7
DA:25,0
DA:26,0
DA:27,0
DA:28,0
DA:30,0
DA:34,7
DA:35,7
DA:36,7
LF:21
LH:16
BRDA:23,0,0,7
BRDA:23,0,1,0
BRDA:24,1,0,7
BRDA:24,1,1,0
BRDA:25,2,0,0
BRDA:25,2,1,0
BRDA:26,3,0,0
BRDA:26,3,1,0
BRDA:27,4,0,0
BRDA:27,4,1,0
BRDA:28,5,0,0
BRDA:28,5,1,0
BRDA:35,6,0,7
BRDA:35,6,1,0
BRDA:36,7,0,7
BRDA:36,7,1,0
BRDA:52,8,0,7
BRDA:52,8,1,0
BRDA:64,9,0,7
BRDA:64,9,1,0
BRF:20
BRH:6
end_of_record
TN:
SF:src/components/ui/Alert.tsx
FN:11,Alert
FNF:1
FNH:1
FNDA:9,Alert
DA:11,9
DA:16,9
DA:23,9
LF:3
LH:3
BRDA:13,0,0,3
BRDA:14,1,0,5
BRF:2
BRH:2
end_of_record
TN:
SF:src/components/ui/Button.tsx
FN:11,Button
FNF:1
FNH:1
FNDA:15,Button
DA:11,15
DA:18,15
DA:20,15
DA:27,15
LF:4
LH:4
BRDA:13,0,0,7
BRDA:14,1,0,15
BRDA:15,2,0,14
BRDA:27,3,0,0
BRDA:27,3,1,15
BRF:5
BRH:4
end_of_record
TN:
SF:src/components/ui/Card.tsx
FN:10,Card
FNF:1
FNH:1
FNDA:15,Card
DA:10,15
LF:1
LH:1
BRDA:10,0,0,13
BRDA:13,1,0,15
BRDA:23,2,0,15
BRF:3
BRH:3
end_of_record
TN:
SF:src/components/ui/Link.tsx
FN:12,Link
FNF:1
FNH:0
FNDA:0,Link
DA:1,2
DA:12,0
DA:20,0
DA:21,0
DA:27,0
DA:29,0
LF:6
LH:1
BRDA:15,0,0,0
BRDA:16,1,0,0
BRDA:17,2,0,0
BRDA:29,3,0,0
BRF:4
BRH:0
end_of_record
TN:
SF:src/contexts/AuthContext.tsx
FN:35,(anonymous_6)
FN:39,(anonymous_7)
FN:40,(anonymous_8)
FN:64,(anonymous_9)
FN:88,(anonymous_10)
FN:101,(anonymous_11)
FN:114,(anonymous_12)
FN:127,(anonymous_13)
FN:140,(anonymous_14)
FN:171,(anonymous_15)
FNF:10
FNH:3
FNDA:3,(anonymous_6)
FNDA:3,(anonymous_7)
FNDA:3,(anonymous_8)
FNDA:0,(anonymous_9)
FNDA:0,(anonymous_10)
FNDA:0,(anonymous_11)
FNDA:0,(anonymous_12)
FNDA:0,(anonymous_13)
FNDA:0,(anonymous_14)
FNDA:0,(anonymous_15)
DA:3,1
DA:12,1
DA:15,1
DA:29,1
DA:35,3
DA:36,3
DA:37,3
DA:39,3
DA:40,3
DA:41,3
DA:43,3
DA:44,0
DA:45,0
DA:46,0
DA:47,0
DA:50,3
DA:51,0
DA:52,0
DA:55,0
DA:57,0
DA:61,3
DA:64,3
DA:65,0
DA:66,0
DA:68,0
DA:69,0
DA:70,0
DA:71,0
DA:72,0
DA:75,0
DA:76,0
DA:77,0
DA:80,0
DA:81,0
DA:82,0
DA:84,0
DA:88,3
DA:89,0
DA:90,0
DA:91,0
DA:93,0
DA:94,0
DA:95,0
DA:97,0
DA:101,3
DA:102,0
DA:103,0
DA:104,0
DA:106,0
DA:107,0
DA:108,0
DA:110,0
DA:114,3
DA:115,0
DA:116,0
DA:117,0
DA:119,0
DA:120,0
DA:121,0
DA:123,0
DA:127,3
DA:128,0
DA:129,0
DA:130,0
DA:132,0
DA:133,0
DA:134,0
DA:136,0
DA:140,3
DA:141,0
DA:142,0
DA:143,0
DA:144,0
DA:146,0
DA:148,0
DA:149,0
DA:150,0
DA:152,0
DA:156,3
DA:171,1
DA:172,0
DA:173,0
DA:174,0
DA:176,0
LF:84
LH:21
BRDA:43,0,0,0
BRDA:51,1,0,0
BRDA:51,2,0,0
BRDA:51,2,1,0
BRDA:68,3,0,0
BRDA:76,4,0,0
BRDA:76,5,0,0
BRDA:76,5,1,0
BRDA:81,6,0,0
BRDA:81,6,1,0
BRDA:82,7,0,0
BRDA:82,7,1,0
BRDA:94,8,0,0
BRDA:94,8,1,0
BRDA:95,9,0,0
BRDA:95,9,1,0
BRDA:107,10,0,0
BRDA:107,10,1,0
BRDA:108,11,0,0
BRDA:108,11,1,0
BRDA:120,12,0,0
BRDA:120,12,1,0
BRDA:121,13,0,0
BRDA:121,13,1,0
BRDA:133,14,0,0
BRDA:133,14,1,0
BRDA:134,15,0,0
BRDA:134,15,1,0
BRDA:143,16,0,0
BRDA:149,17,0,0
BRDA:149,17,1,0
BRDA:173,18,0,0
BRF:32
BRH:0
end_of_record
TN:
SF:src/models/Game.ts
FNF:0
FNH:0
DA:4,0
DA:10,0
LF:2
LH:0
BRF:0
BRH:0
end_of_record
TN:
SF:src/models/Player.ts
FNF:0
FNH:0
DA:1,0
LF:1
LH:0
BRF:0
BRH:0
end_of_record
TN:
SF:src/services/api.ts
FN:20,(anonymous_5)
FN:29,fetchApi
FN:62,(anonymous_7)
FN:68,(anonymous_8)
FN:74,(anonymous_9)
FN:80,(anonymous_10)
FN:86,(anonymous_11)
FN:92,(anonymous_12)
FN:101,(anonymous_13)
FN:104,(anonymous_14)
FN:107,(anonymous_15)
FN:113,(anonymous_16)
FN:122,(anonymous_17)
FN:125,(anonymous_18)
FN:128,(anonymous_19)
FN:131,(anonymous_20)
FN:140,(anonymous_21)
FN:143,(anonymous_22)
FN:146,(anonymous_23)
FN:152,(anonymous_24)
FNF:20
FNH:0
FNDA:0,(anonymous_5)
FNDA:0,fetchApi
FNDA:0,(anonymous_7)
FNDA:0,(anonymous_8)
FNDA:0,(anonymous_9)
FNDA:0,(anonymous_10)
FNDA:0,(anonymous_11)
FNDA:0,(anonymous_12)
FNDA:0,(anonymous_13)
FNDA:0,(anonymous_14)
FNDA:0,(anonymous_15)
FNDA:0,(anonymous_16)
FNDA:0,(anonymous_17)
FNDA:0,(anonymous_18)
FNDA:0,(anonymous_19)
FNDA:0,(anonymous_20)
FNDA:0,(anonymous_21)
FNDA:0,(anonymous_22)
FNDA:0,(anonymous_23)
FNDA:0,(anonymous_24)
DA:13,0
DA:21,0
DA:22,0
DA:23,0
DA:24,0
DA:34,0
DA:37,0
DA:43,0
DA:49,0
DA:52,0
DA:53,0
DA:54,0
DA:57,0
DA:61,0
DA:63,0
DA:69,0
DA:75,0
DA:81,0
DA:87,0
DA:93,0
DA:100,0
DA:102,0
DA:105,0
DA:108,0
DA:114,0
DA:121,0
DA:123,0
DA:126,0
DA:129,0
DA:132,0
DA:139,0
DA:141,0
DA:144,0
DA:147,0
DA:153,0
LF:35
LH:0
BRDA:13,0,0,0
BRDA:13,0,1,0
BRDA:31,1,0,0
BRDA:34,2,0,0
BRDA:34,2,1,0
BRDA:39,3,0,0
BRDA:39,3,1,0
BRDA:40,4,0,0
BRDA:40,4,1,0
BRDA:52,5,0,0
BRDA:54,6,0,0
BRDA:54,6,1,0
BRF:12
BRH:0
end_of_record
TN:
SF:src/types/Game.ts
FNF:0
FNH:0
DA:1,0
DA:7,0
LF:2
LH:0
BRF:0
BRH:0
end_of_record
TN:
SF:src/utils/dateUtils.ts
FN:6,formatDateTime
FN:24,formatDate
FN:38,timeAgo
FNF:3
FNH:0
FNDA:0,formatDateTime
FNDA:0,formatDate
FNDA:0,timeAgo
DA:6,0
DA:7,0
DA:8,0
DA:24,0
DA:25,0
DA:26,0
DA:38,0
DA:39,0
DA:40,0
DA:41,0
DA:43,0
DA:44,0
DA:47,0
DA:48,0
DA:49,0
DA:52,0
DA:53,0
DA:54,0
DA:57,0
DA:58,0
DA:59,0
DA:62,0
DA:63,0
DA:64,0
DA:67,0
DA:68,0
LF:26
LH:0
BRDA:43,0,0,0
BRDA:44,1,0,0
BRDA:44,1,1,0
BRDA:48,2,0,0
BRDA:49,3,0,0
BRDA:49,3,1,0
BRDA:53,4,0,0
BRDA:54,5,0,0
BRDA:54,5,1,0
BRDA:58,6,0,0
BRDA:59,7,0,0
BRDA:59,7,1,0
BRDA:63,8,0,0
BRDA:64,9,0,0
BRDA:64,9,1,0
BRDA:68,10,0,0
BRDA:68,10,1,0
BRF:17
BRH:0
end_of_record
TN:
SF:src/utils/exportUtils.ts
FN:14,(anonymous_4)
FN:52,(anonymous_5)
FN:67,(anonymous_6)
FN:87,(anonymous_7)
FN:102,(anonymous_8)
FN:120,(anonymous_9)
FNF:6
FNH:0
FNDA:0,(anonymous_4)
FNDA:0,(anonymous_5)
FNDA:0,(anonymous_6)
FNDA:0,(anonymous_7)
FNDA:0,(anonymous_8)
FNDA:0,(anonymous_9)
DA:14,0
DA:18,0
DA:21,0
DA:32,0
DA:43,0
DA:44,0
DA:52,0
DA:56,0
DA:59,0
DA:67,0
DA:68,0
DA:77,0
DA:78,0
DA:87,0
DA:92,0
DA:95,0
DA:102,0
DA:103,0
DA:111,0
DA:112,0
DA:120,0
DA:121,0
DA:122,0
DA:123,0
DA:125,0
DA:126,0
DA:127,0
DA:129,0
DA:130,0
DA:131,0
LF:30
LH:0
BRDA:16,0,0,0
BRDA:18,1,0,0
BRDA:54,2,0,0
BRDA:56,3,0,0
BRDA:56,4,0,0
BRDA:56,4,1,0
BRDA:89,5,0,0
BRDA:90,6,0,0
BRDA:92,7,0,0
BRDA:92,8,0,0
BRDA:92,8,1,0
BRF:11
BRH:0
end_of_record
